This is pdfTeX, Version 3.141592653-2.6-1.40.22 (TeX Live 2022/dev/Debian) (preloaded format=pdflatex 2022.9.30)  1 DEC 2022 15:21
entering extended mode
 restricted \write18 enabled.
 %&-line parsing enabled.
**main.tex
(./main.tex
LaTeX2e <2021-11-15> patch level 1
L3 programming layer <2022-01-21>
(/usr/share/texlive/texmf-dist/tex/latex/base/report.cls
Document Class: report 2021/10/04 v1.4n Standard LaTeX document class
(/usr/share/texlive/texmf-dist/tex/latex/base/size12.clo
File: size12.clo 2021/10/04 v1.4n Standard LaTeX file (size option)
)
\c@part=\count185
\c@chapter=\count186
\c@section=\count187
\c@subsection=\count188
\c@subsubsection=\count189
\c@paragraph=\count190
\c@subparagraph=\count191
\c@figure=\count192
\c@table=\count193
\abovecaptionskip=\skip47
\belowcaptionskip=\skip48
\bibindent=\dimen138
)
(/usr/share/texlive/texmf-dist/tex/latex/base/inputenc.sty
Package: inputenc 2021/02/14 v1.3d Input encoding file
\inpenc@prehook=\toks16
\inpenc@posthook=\toks17
)
(/usr/share/texlive/texmf-dist/tex/latex/geometry/geometry.sty
Package: geometry 2020/01/02 v5.9 Page Geometry

(/usr/share/texlive/texmf-dist/tex/latex/graphics/keyval.sty
Package: keyval 2014/10/28 v1.15 key=value parser (DPC)
\KV@toks@=\toks18
)
(/usr/share/texlive/texmf-dist/tex/generic/iftex/ifvtex.sty
Package: ifvtex 2019/10/25 v1.7 ifvtex legacy package. Use iftex instead.

(/usr/share/texlive/texmf-dist/tex/generic/iftex/iftex.sty
Package: iftex 2020/03/06 v1.0d TeX engine tests
))
\Gm@cnth=\count194
\Gm@cntv=\count195
\c@Gm@tempcnt=\count196
\Gm@bindingoffset=\dimen139
\Gm@wd@mp=\dimen140
\Gm@odd@mp=\dimen141
\Gm@even@mp=\dimen142
\Gm@layoutwidth=\dimen143
\Gm@layoutheight=\dimen144
\Gm@layouthoffset=\dimen145
\Gm@layoutvoffset=\dimen146
\Gm@dimlist=\toks19
)
(/usr/share/texlive/texmf-dist/tex/latex/multirow/multirow.sty
Package: multirow 2021/03/15 v2.8 Span multiple rows of a table
\multirow@colwidth=\skip49
\multirow@cntb=\count197
\multirow@dima=\skip50
\bigstrutjot=\dimen147
)
(/usr/share/texlive/texmf-dist/tex/latex/tools/array.sty
Package: array 2021/10/04 v2.5f Tabular extension package (FMi)
\col@sep=\dimen148
\ar@mcellbox=\box50
\extrarowheight=\dimen149
\NC@list=\toks20
\extratabsurround=\skip51
\backup@length=\skip52
\ar@cellbox=\box51
)
(/usr/share/texlive/texmf-dist/tex/latex/graphics/graphicx.sty
Package: graphicx 2021/09/16 v1.2d Enhanced LaTeX Graphics (DPC,SPQR)

(/usr/share/texlive/texmf-dist/tex/latex/graphics/graphics.sty
Package: graphics 2021/03/04 v1.4d Standard LaTeX Graphics (DPC,SPQR)

(/usr/share/texlive/texmf-dist/tex/latex/graphics/trig.sty
Package: trig 2021/08/11 v1.11 sin cos tan (DPC)
)
(/usr/share/texlive/texmf-dist/tex/latex/graphics-cfg/graphics.cfg
File: graphics.cfg 2016/06/04 v1.11 sample graphics configuration
)
Package graphics Info: Driver file: pdftex.def on input line 107.

(/usr/share/texlive/texmf-dist/tex/latex/graphics-def/pdftex.def
File: pdftex.def 2020/10/05 v1.2a Graphics/color driver for pdftex
))
\Gin@req@height=\dimen150
\Gin@req@width=\dimen151
)
(/usr/share/texlive/texmf-dist/tex/latex/amsmath/amsmath.sty
Package: amsmath 2021/10/15 v2.17l AMS math features
\@mathmargin=\skip53

For additional information on amsmath, use the `?' option.
(/usr/share/texlive/texmf-dist/tex/latex/amsmath/amstext.sty
Package: amstext 2021/08/26 v2.01 AMS text

(/usr/share/texlive/texmf-dist/tex/latex/amsmath/amsgen.sty
File: amsgen.sty 1999/11/30 v2.0 generic functions
\@emptytoks=\toks21
\ex@=\dimen152
))
(/usr/share/texlive/texmf-dist/tex/latex/amsmath/amsbsy.sty
Package: amsbsy 1999/11/29 v1.2d Bold Symbols
\pmbraise@=\dimen153
)
(/usr/share/texlive/texmf-dist/tex/latex/amsmath/amsopn.sty
Package: amsopn 2021/08/26 v2.02 operator names
)
\inf@bad=\count198
LaTeX Info: Redefining \frac on input line 234.
\uproot@=\count199
\leftroot@=\count266
LaTeX Info: Redefining \overline on input line 399.
\classnum@=\count267
\DOTSCASE@=\count268
LaTeX Info: Redefining \ldots on input line 496.
LaTeX Info: Redefining \dots on input line 499.
LaTeX Info: Redefining \cdots on input line 620.
\Mathstrutbox@=\box52
\strutbox@=\box53
\big@size=\dimen154
LaTeX Font Info:    Redeclaring font encoding OML on input line 743.
LaTeX Font Info:    Redeclaring font encoding OMS on input line 744.
\macc@depth=\count269
\c@MaxMatrixCols=\count270
\dotsspace@=\muskip16
\c@parentequation=\count271
\dspbrk@lvl=\count272
\tag@help=\toks22
\row@=\count273
\column@=\count274
\maxfields@=\count275
\andhelp@=\toks23
\eqnshift@=\dimen155
\alignsep@=\dimen156
\tagshift@=\dimen157
\tagwidth@=\dimen158
\totwidth@=\dimen159
\lineht@=\dimen160
\@envbody=\toks24
\multlinegap=\skip54
\multlinetaggap=\skip55
\mathdisplay@stack=\toks25
LaTeX Info: Redefining \[ on input line 2938.
LaTeX Info: Redefining \] on input line 2939.
)
(/usr/share/texlive/texmf-dist/tex/latex/epigraph/epigraph.sty
Package: epigraph 2020/01/02 v1.5e typesetting epigraphs

(/usr/share/texlive/texmf-dist/tex/latex/nextpage/nextpage.sty
Package: nextpage 2009/09/03 v1.1a additional page commands
)
\beforeepigraphskip=\skip56
\afterepigraphskip=\skip57
\epigraphwidth=\skip58
\epigraphrule=\skip59
)
(/usr/share/texlive/texmf-dist/tex/latex/amsfonts/amsfonts.sty
Package: amsfonts 2013/01/14 v3.01 Basic AMSFonts support
\symAMSa=\mathgroup4
\symAMSb=\mathgroup5
LaTeX Font Info:    Redeclaring math symbol \hbar on input line 98.
LaTeX Font Info:    Overwriting math alphabet `\mathfrak' in version `bold'
(Font)                  U/euf/m/n --> U/euf/b/n on input line 106.
)
(/usr/share/texlive/texmf-dist/tex/latex/enumitem/enumitem.sty
Package: enumitem 2019/06/20 v3.9 Customized lists
\labelindent=\skip60
\enit@outerparindent=\dimen161
\enit@toks=\toks26
\enit@inbox=\box54
\enit@count@id=\count276
\enitdp@description=\count277
)
(/usr/share/texlive/texmf-dist/tex/latex/easy/easytable.sty
Document Style `easytable' v1.0 <2001/06/13>.
(/usr/share/texlive/texmf-dist/tex/latex/easy/easy.sty
Document Style `easy' v1.1 <2001/05/31>.
Package: easy 2001/05/31 v1.1
\@easy@level=\count278
\@easy@ncol=\count279
\@easy@nrow=\count280
\@easy@cnt=\count281
\@easy@boxviii=\box55
\@easy@minxviii=\dimen162
\@easy@minyviii=\dimen163
\@easy@maxxviii=\dimen164
\@easy@maxyviii=\dimen165
\@easy@boxvii=\box56
\@easy@minxvii=\dimen166
\@easy@minyvii=\dimen167
\@easy@maxxvii=\dimen168
\@easy@maxyvii=\dimen169
\@easy@boxvi=\box57
\@easy@minxvi=\dimen170
\@easy@minyvi=\dimen171
\@easy@maxxvi=\dimen172
\@easy@maxyvi=\dimen173
\@easy@boxv=\box58
\@easy@minxv=\dimen174
\@easy@minyv=\dimen175
\@easy@maxxv=\dimen176
\@easy@maxyv=\dimen177
\@easy@boxiv=\box59
\@easy@minxiv=\dimen178
\@easy@minyiv=\dimen179
\@easy@maxxiv=\dimen180
\@easy@maxyiv=\dimen181
\@easy@boxiii=\box60
\@easy@minxiii=\dimen182
\@easy@minyiii=\dimen183
\@easy@maxxiii=\dimen184
\@easy@maxyiii=\dimen185
\@easy@boxii=\box61
\@easy@minxii=\dimen186
\@easy@minyii=\dimen187
\@easy@maxxii=\dimen188
\@easy@maxyii=\dimen189
\@easy@boxi=\box62
\@easy@minxi=\dimen190
\@easy@minyi=\dimen191
\@easy@maxxi=\dimen192
\@easy@maxyi=\dimen193
\@easy@hsizexxx=\dimen194
\@easy@vsizexxx=\dimen195
\@easy@hsizexxix=\dimen196
\@easy@vsizexxix=\dimen197
\@easy@hsizexxviii=\dimen198
\@easy@vsizexxviii=\dimen199
\@easy@hsizexxvii=\dimen256
\@easy@vsizexxvii=\dimen257
\@easy@hsizexxvi=\dimen258
\@easy@vsizexxvi=\dimen259
\@easy@hsizexxv=\dimen260
\@easy@vsizexxv=\dimen261
\@easy@hsizexxiv=\dimen262
\@easy@vsizexxiv=\dimen263
\@easy@hsizexxiii=\dimen264
\@easy@vsizexxiii=\dimen265
\@easy@hsizexxii=\dimen266
\@easy@vsizexxii=\dimen267
\@easy@hsizexxi=\dimen268
\@easy@vsizexxi=\dimen269
\@easy@hsizexx=\dimen270
\@easy@vsizexx=\dimen271
\@easy@hsizexix=\dimen272
\@easy@vsizexix=\dimen273
\@easy@hsizexviii=\dimen274
\@easy@vsizexviii=\dimen275
\@easy@hsizexvii=\dimen276
\@easy@vsizexvii=\dimen277
\@easy@hsizexvi=\dimen278
\@easy@vsizexvi=\dimen279
\@easy@hsizexv=\dimen280
\@easy@vsizexv=\dimen281
\@easy@hsizexiv=\dimen282
\@easy@vsizexiv=\dimen283
\@easy@hsizexiii=\dimen284
\@easy@vsizexiii=\dimen285
\@easy@hsizexii=\dimen286
\@easy@vsizexii=\dimen287
\@easy@hsizexi=\dimen288
\@easy@vsizexi=\dimen289
\@easy@hsizex=\dimen290
\@easy@vsizex=\dimen291
\@easy@hsizeix=\dimen292
\@easy@vsizeix=\dimen293
\@easy@hsizeviii=\dimen294
\@easy@vsizeviii=\dimen295
\@easy@hsizevii=\dimen296
\@easy@vsizevii=\dimen297
\@easy@hsizevi=\dimen298
\@easy@vsizevi=\dimen299
\@easy@hsizev=\dimen300
\@easy@vsizev=\dimen301
\@easy@hsizeiv=\dimen302
\@easy@vsizeiv=\dimen303
\@easy@hsizeiii=\dimen304
\@easy@vsizeiii=\dimen305
\@easy@hsizeii=\dimen306
\@easy@vsizeii=\dimen307
\@easy@hsizei=\dimen308
\@easy@vsizei=\dimen309
\@easy@dash@len=\dimen310
\@easy@dash@sep=\dimen311
)
Package: easytable 2001/05/31v1.1
\@tab@size@rule=\dimen312
\@tab@size@dash=\dimen313
) (/usr/share/texlive/texmf-dist/tex/latex/hyperref/hyperref.sty
Package: hyperref 2021-06-07 v7.00m Hypertext links for LaTeX

(/usr/share/texlive/texmf-dist/tex/generic/ltxcmds/ltxcmds.sty
Package: ltxcmds 2020-05-10 v1.25 LaTeX kernel commands for general use (HO)
)
(/usr/share/texlive/texmf-dist/tex/generic/pdftexcmds/pdftexcmds.sty
Package: pdftexcmds 2020-06-27 v0.33 Utility functions of pdfTeX for LuaTeX (HO
)

(/usr/share/texlive/texmf-dist/tex/generic/infwarerr/infwarerr.sty
Package: infwarerr 2019/12/03 v1.5 Providing info/warning/error messages (HO)
)
Package pdftexcmds Info: \pdf@primitive is available.
Package pdftexcmds Info: \pdf@ifprimitive is available.
Package pdftexcmds Info: \pdfdraftmode found.
)
(/usr/share/texlive/texmf-dist/tex/generic/kvsetkeys/kvsetkeys.sty
Package: kvsetkeys 2019/12/15 v1.18 Key value parser (HO)
)
(/usr/share/texlive/texmf-dist/tex/generic/kvdefinekeys/kvdefinekeys.sty
Package: kvdefinekeys 2019-12-19 v1.6 Define keys (HO)
)
(/usr/share/texlive/texmf-dist/tex/generic/pdfescape/pdfescape.sty
Package: pdfescape 2019/12/09 v1.15 Implements pdfTeX's escape features (HO)
)
(/usr/share/texlive/texmf-dist/tex/latex/hycolor/hycolor.sty
Package: hycolor 2020-01-27 v1.10 Color options for hyperref/bookmark (HO)
)
(/usr/share/texlive/texmf-dist/tex/latex/letltxmacro/letltxmacro.sty
Package: letltxmacro 2019/12/03 v1.6 Let assignment for LaTeX macros (HO)
)
(/usr/share/texlive/texmf-dist/tex/latex/auxhook/auxhook.sty
Package: auxhook 2019-12-17 v1.6 Hooks for auxiliary files (HO)
)
(/usr/share/texlive/texmf-dist/tex/latex/kvoptions/kvoptions.sty
Package: kvoptions 2020-10-07 v3.14 Key value format for package options (HO)
)
\@linkdim=\dimen314
\Hy@linkcounter=\count282
\Hy@pagecounter=\count283

(/usr/share/texlive/texmf-dist/tex/latex/hyperref/pd1enc.def
File: pd1enc.def 2021-06-07 v7.00m Hyperref: PDFDocEncoding definition (HO)
Now handling font encoding PD1 ...
... no UTF-8 mapping file for font encoding PD1
)
(/usr/share/texlive/texmf-dist/tex/latex/hyperref/hyperref-langpatches.def
File: hyperref-langpatches.def 2021-06-07 v7.00m Hyperref: patches for babel la
nguages
)
(/usr/share/texlive/texmf-dist/tex/generic/intcalc/intcalc.sty
Package: intcalc 2019/12/15 v1.3 Expandable calculations with integers (HO)
)
(/usr/share/texlive/texmf-dist/tex/generic/etexcmds/etexcmds.sty
Package: etexcmds 2019/12/15 v1.7 Avoid name clashes with e-TeX commands (HO)
)
\Hy@SavedSpaceFactor=\count284

(/usr/share/texlive/texmf-dist/tex/latex/hyperref/puenc.def
File: puenc.def 2021-06-07 v7.00m Hyperref: PDF Unicode definition (HO)
Now handling font encoding PU ...
... no UTF-8 mapping file for font encoding PU
)
Package hyperref Info: Hyper figures OFF on input line 4192.
Package hyperref Info: Link nesting OFF on input line 4197.
Package hyperref Info: Hyper index ON on input line 4200.
Package hyperref Info: Plain pages OFF on input line 4207.
Package hyperref Info: Backreferencing OFF on input line 4212.
Package hyperref Info: Implicit mode ON; LaTeX internals redefined.
Package hyperref Info: Bookmarks ON on input line 4445.
\c@Hy@tempcnt=\count285

(/usr/share/texlive/texmf-dist/tex/latex/url/url.sty
\Urlmuskip=\muskip17
Package: url 2013/09/16  ver 3.4  Verb mode for urls, etc.
)
LaTeX Info: Redefining \url on input line 4804.
\XeTeXLinkMargin=\dimen315

(/usr/share/texlive/texmf-dist/tex/generic/bitset/bitset.sty
Package: bitset 2019/12/09 v1.3 Handle bit-vector datatype (HO)

(/usr/share/texlive/texmf-dist/tex/generic/bigintcalc/bigintcalc.sty
Package: bigintcalc 2019/12/15 v1.5 Expandable calculations on big integers (HO
)
))
\Fld@menulength=\count286
\Field@Width=\dimen316
\Fld@charsize=\dimen317
Package hyperref Info: Hyper figures OFF on input line 6076.
Package hyperref Info: Link nesting OFF on input line 6081.
Package hyperref Info: Hyper index ON on input line 6084.
Package hyperref Info: backreferencing OFF on input line 6091.
Package hyperref Info: Link coloring OFF on input line 6096.
Package hyperref Info: Link coloring with OCG OFF on input line 6101.
Package hyperref Info: PDF/A mode OFF on input line 6106.
LaTeX Info: Redefining \ref on input line 6146.
LaTeX Info: Redefining \pageref on input line 6150.

(/usr/share/texlive/texmf-dist/tex/latex/base/atbegshi-ltx.sty
Package: atbegshi-ltx 2021/01/10 v1.0c Emulation of the original atbegshi
package with kernel methods
)
\Hy@abspage=\count287
\c@Item=\count288
\c@Hfootnote=\count289
)
Package hyperref Info: Driver (autodetected): hpdftex.

(/usr/share/texlive/texmf-dist/tex/latex/hyperref/hpdftex.def
File: hpdftex.def 2021-06-07 v7.00m Hyperref driver for pdfTeX

(/usr/share/texlive/texmf-dist/tex/latex/base/atveryend-ltx.sty
Package: atveryend-ltx 2020/08/19 v1.0a Emulation of the original atveryend pac
kage
with kernel methods
)
\Fld@listcount=\count290
\c@bookmark@seq@number=\count291

(/usr/share/texlive/texmf-dist/tex/latex/rerunfilecheck/rerunfilecheck.sty
Package: rerunfilecheck 2019/12/05 v1.9 Rerun checks for auxiliary files (HO)

(/usr/share/texlive/texmf-dist/tex/generic/uniquecounter/uniquecounter.sty
Package: uniquecounter 2019/12/15 v1.4 Provide unlimited unique counter (HO)
)
Package uniquecounter Info: New unique counter `rerunfilecheck' on input line 2
86.
)
\Hy@SectionHShift=\skip61
)
(/usr/share/texlive/texmf-dist/tex/latex/titlesec/titlesec.sty
Package: titlesec 2021/07/05 v2.14 Sectioning titles
\ttl@box=\box63
\beforetitleunit=\skip62
\aftertitleunit=\skip63
\ttl@plus=\dimen318
\ttl@minus=\dimen319
\ttl@toksa=\toks27
\titlewidth=\dimen320
\titlewidthlast=\dimen321
\titlewidthfirst=\dimen322
)
(/usr/share/texlive/texmf-dist/tex/latex/titlesec/titleps.sty

Package titlesec Warning: You are using an old interface for page styles
(titlesec)                (or you forgot the package option 'pagestyles').
(titlesec)                You could proceed but don't complain if you run
(titlesec)                into errors.

) (/usr/share/texlive/texmf-dist/tex/latex/biblatex/biblatex.sty
Package: biblatex 2022/02/02 v3.17 programmable bibliographies (PK/MW)

(/usr/share/texlive/texmf-dist/tex/latex/etoolbox/etoolbox.sty
Package: etoolbox 2020/10/05 v2.5k e-TeX tools for LaTeX (JAW)
\etb@tempcnta=\count292
)
(/usr/share/texlive/texmf-dist/tex/latex/logreq/logreq.sty
Package: logreq 2010/08/04 v1.0 xml request logger
\lrq@indent=\count293

(/usr/share/texlive/texmf-dist/tex/latex/logreq/logreq.def
File: logreq.def 2010/08/04 v1.0 logreq spec v1.0
))
(/usr/share/texlive/texmf-dist/tex/latex/base/ifthen.sty
Package: ifthen 2020/11/24 v1.1c Standard LaTeX ifthen package (DPC)
)
\c@tabx@nest=\count294
\c@listtotal=\count295
\c@listcount=\count296
\c@liststart=\count297
\c@liststop=\count298
\c@citecount=\count299
\c@citetotal=\count300
\c@multicitecount=\count301
\c@multicitetotal=\count302
\c@instcount=\count303
\c@maxnames=\count304
\c@minnames=\count305
\c@maxitems=\count306
\c@minitems=\count307
\c@citecounter=\count308
\c@maxcitecounter=\count309
\c@savedcitecounter=\count310
\c@uniquelist=\count311
\c@uniquename=\count312
\c@refsection=\count313
\c@refsegment=\count314
\c@maxextratitle=\count315
\c@maxextratitleyear=\count316
\c@maxextraname=\count317
\c@maxextradate=\count318
\c@maxextraalpha=\count319
\c@abbrvpenalty=\count320
\c@highnamepenalty=\count321
\c@lownamepenalty=\count322
\c@maxparens=\count323
\c@parenlevel=\count324
\blx@tempcnta=\count325
\blx@tempcntb=\count326
\blx@tempcntc=\count327
\c@blx@maxsection=\count328
\c@blx@maxsegment@0=\count329
\blx@notetype=\count330
\blx@parenlevel@text=\count331
\blx@parenlevel@foot=\count332
\c@blx@sectionciteorder@0=\count333
\blx@entrysetcounter=\count334
\blx@biblioinstance=\count335
\labelnumberwidth=\skip64
\labelalphawidth=\skip65
\biblabelsep=\skip66
\bibitemsep=\skip67
\bibnamesep=\skip68
\bibinitsep=\skip69
\bibparsep=\skip70
\bibhang=\skip71
\blx@bcfin=\read2
\blx@bcfout=\write3
\blx@langwohyphens=\language3
\c@mincomprange=\count336
\c@maxcomprange=\count337
\c@mincompwidth=\count338
Package biblatex Info: Trying to load biblatex default data model...
Package biblatex Info: ... file 'blx-dm.def' found.

(/usr/share/texlive/texmf-dist/tex/latex/biblatex/blx-dm.def
File: blx-dm.def 2022/02/02 v3.17 biblatex localization (PK/MW)
)
Package biblatex Info: Trying to load biblatex custom data model...
Package biblatex Info: ... file 'biblatex-dm.cfg' not found.
\c@afterword=\count339
\c@savedafterword=\count340
\c@annotator=\count341
\c@savedannotator=\count342
\c@author=\count343
\c@savedauthor=\count344
\c@bookauthor=\count345
\c@savedbookauthor=\count346
\c@commentator=\count347
\c@savedcommentator=\count348
\c@editor=\count349
\c@savededitor=\count350
\c@editora=\count351
\c@savededitora=\count352
\c@editorb=\count353
\c@savededitorb=\count354
\c@editorc=\count355
\c@savededitorc=\count356
\c@foreword=\count357
\c@savedforeword=\count358
\c@holder=\count359
\c@savedholder=\count360
\c@introduction=\count361
\c@savedintroduction=\count362
\c@namea=\count363
\c@savednamea=\count364
\c@nameb=\count365
\c@savednameb=\count366
\c@namec=\count367
\c@savednamec=\count368
\c@translator=\count369
\c@savedtranslator=\count370
\c@shortauthor=\count371
\c@savedshortauthor=\count372
\c@shorteditor=\count373
\c@savedshorteditor=\count374
\c@labelname=\count375
\c@savedlabelname=\count376
\c@institution=\count377
\c@savedinstitution=\count378
\c@lista=\count379
\c@savedlista=\count380
\c@listb=\count381
\c@savedlistb=\count382
\c@listc=\count383
\c@savedlistc=\count384
\c@listd=\count385
\c@savedlistd=\count386
\c@liste=\count387
\c@savedliste=\count388
\c@listf=\count389
\c@savedlistf=\count390
\c@location=\count391
\c@savedlocation=\count392
\c@organization=\count393
\c@savedorganization=\count394
\c@origlocation=\count395
\c@savedoriglocation=\count396
\c@origpublisher=\count397
\c@savedorigpublisher=\count398
\c@publisher=\count399
\c@savedpublisher=\count400
\c@language=\count401
\c@savedlanguage=\count402
\c@origlanguage=\count403
\c@savedoriglanguage=\count404
\c@pageref=\count405
\c@savedpageref=\count406
\shorthandwidth=\skip72
\shortjournalwidth=\skip73
\shortserieswidth=\skip74
\shorttitlewidth=\skip75
\shortauthorwidth=\skip76
\shorteditorwidth=\skip77
\locallabelnumberwidth=\skip78
\locallabelalphawidth=\skip79
\localshorthandwidth=\skip80
\localshortjournalwidth=\skip81
\localshortserieswidth=\skip82
\localshorttitlewidth=\skip83
\localshortauthorwidth=\skip84
\localshorteditorwidth=\skip85
Package biblatex Info: Trying to load compatibility code...
Package biblatex Info: ... file 'blx-compat.def' found.

(/usr/share/texlive/texmf-dist/tex/latex/biblatex/blx-compat.def
File: blx-compat.def 2022/02/02 v3.17 biblatex compatibility (PK/MW)
)
Package biblatex Info: Trying to load generic definitions...
Package biblatex Info: ... file 'biblatex.def' found.

(/usr/share/texlive/texmf-dist/tex/latex/biblatex/biblatex.def
File: biblatex.def 2022/02/02 v3.17 biblatex compatibility (PK/MW)
\c@textcitecount=\count407
\c@textcitetotal=\count408
\c@textcitemaxnames=\count409
\c@biburlbigbreakpenalty=\count410
\c@biburlbreakpenalty=\count411
\c@biburlnumpenalty=\count412
\c@biburlucpenalty=\count413
\c@biburllcpenalty=\count414
\biburlbigskip=\muskip18
\biburlnumskip=\muskip19
\biburlucskip=\muskip20
\biburllcskip=\muskip21
\c@smartand=\count415
)
Package biblatex Info: Trying to load bibliography style 'numeric'...
Package biblatex Info: ... file 'numeric.bbx' found.

(/usr/share/texlive/texmf-dist/tex/latex/biblatex/bbx/numeric.bbx
File: numeric.bbx 2022/02/02 v3.17 biblatex bibliography style (PK/MW)
Package biblatex Info: Trying to load bibliography style 'standard'...
Package biblatex Info: ... file 'standard.bbx' found.

(/usr/share/texlive/texmf-dist/tex/latex/biblatex/bbx/standard.bbx
File: standard.bbx 2022/02/02 v3.17 biblatex bibliography style (PK/MW)
\c@bbx:relatedcount=\count416
\c@bbx:relatedtotal=\count417
))
Package biblatex Info: Trying to load citation style 'numeric'...
Package biblatex Info: ... file 'numeric.cbx' found.

(/usr/share/texlive/texmf-dist/tex/latex/biblatex/cbx/numeric.cbx
File: numeric.cbx 2022/02/02 v3.17 biblatex citation style (PK/MW)
Package biblatex Info: Redefining '\cite'.
Package biblatex Info: Redefining '\parencite'.
Package biblatex Info: Redefining '\footcite'.
Package biblatex Info: Redefining '\footcitetext'.
Package biblatex Info: Redefining '\smartcite'.
Package biblatex Info: Redefining '\supercite'.
Package biblatex Info: Redefining '\textcite'.
Package biblatex Info: Redefining '\textcites'.
Package biblatex Info: Redefining '\cites'.
Package biblatex Info: Redefining '\parencites'.
Package biblatex Info: Redefining '\smartcites'.
)
Package biblatex Info: Trying to load configuration file...
Package biblatex Info: ... file 'biblatex.cfg' found.

(/usr/share/texlive/texmf-dist/tex/latex/biblatex/biblatex.cfg
File: biblatex.cfg 
)
Package biblatex Info: Input encoding 'utf8' detected.
Package biblatex Info: Document encoding is UTF8 ....

(/usr/share/texlive/texmf-dist/tex/latex/l3kernel/expl3.sty
Package: expl3 2022-01-21 L3 programming layer (loader) 

(/usr/share/texlive/texmf-dist/tex/latex/l3backend/l3backend-pdftex.def
File: l3backend-pdftex.def 2022-01-12 L3 backend support: PDF output (pdfTeX)
\l__color_backend_stack_int=\count418
\l__pdf_internal_box=\box64
))
Package biblatex Info: ... and expl3
(biblatex)             2022-01-21 L3 programming layer (loader) 
(biblatex)             is new enough (at least 2020/04/06),
(biblatex)             setting 'casechanger=expl3'.

(/usr/share/texlive/texmf-dist/tex/latex/biblatex/blx-case-expl3.sty
(/usr/share/texlive/texmf-dist/tex/latex/l3packages/xparse/xparse.sty
Package: xparse 2022-01-12 L3 Experimental document command parser
)
Package: blx-case-expl3 2022/02/02 v3.17 expl3 case changing code for biblatex
))
(/usr/share/texlive/texmf-dist/tex/latex/tablefootnote/tablefootnote.sty
Package: tablefootnote 2014/01/26 v1.1c Table foot notes (HMM)

(/usr/share/texlive/texmf-dist/tex/latex/xifthen/xifthen.sty
Package: xifthen 2015/11/05 v1.4.0 Extended ifthen features

(/usr/share/texlive/texmf-dist/tex/latex/tools/calc.sty
Package: calc 2017/05/25 v4.3 Infix arithmetic (KKT,FJ)
\calc@Acount=\count419
\calc@Bcount=\count420
\calc@Adimen=\dimen323
\calc@Bdimen=\dimen324
\calc@Askip=\skip86
\calc@Bskip=\skip87
LaTeX Info: Redefining \setlength on input line 80.
LaTeX Info: Redefining \addtolength on input line 81.
\calc@Ccount=\count421
\calc@Cskip=\skip88
)
(/usr/share/texlive/texmf-dist/tex/latex/ifmtarg/ifmtarg.sty
Package: ifmtarg 2018/04/16 v1.2b check for an empty argument
)))
(/usr/share/texlive/texmf-dist/tex/latex/tools/longtable.sty
Package: longtable 2021-09-01 v4.17 Multi-page Table package (DPC)
\LTleft=\skip89
\LTright=\skip90
\LTpre=\skip91
\LTpost=\skip92
\LTchunksize=\count422
\LTcapwidth=\dimen325
\LT@head=\box65
\LT@firsthead=\box66
\LT@foot=\box67
\LT@lastfoot=\box68
\LT@gbox=\box69
\LT@cols=\count423
\LT@rows=\count424
\c@LT@tables=\count425
\c@LT@chunks=\count426
\LT@p@ftn=\toks28
)
(/usr/share/texlive/texmf-dist/tex/latex/makecell/makecell.sty
Package: makecell 2009/08/03 V0.1e Managing of Tab Column Heads and Cells
\rotheadsize=\dimen326
\c@nlinenum=\count427
\TeXr@lab=\toks29
)
(/usr/share/texlive/texmf-dist/tex/latex/appendix/appendix.sty
Package: appendix 2020/02/08 v1.2c extra appendix facilities
\c@@pps=\count428
\c@@ppsavesec=\count429
\c@@ppsaveapp=\count430
)
(/usr/share/texlive/texmf-dist/tex/latex/fancyvrb/fancyvrb.sty
Package: fancyvrb 2021/12/21 4.1b verbatim text (tvz,hv)
\FV@CodeLineNo=\count431
\FV@InFile=\read3
\FV@TabBox=\box70
\c@FancyVerbLine=\count432
\FV@StepNumber=\count433
\FV@OutFile=\write4
)
(/usr/share/texlive/texmf-dist/tex/latex/setspace/setspace.sty
Package: setspace 2011/12/19 v6.7a set line spacing
)
(/usr/share/texlive/texmf-dist/tex/latex/caption/caption.sty
Package: caption 2020/10/26 v3.5g Customizing captions (AR)

(/usr/share/texlive/texmf-dist/tex/latex/caption/caption3.sty
Package: caption3 2020/10/21 v2.2e caption3 kernel (AR)
\captionmargin=\dimen327
\captionmargin@=\dimen328
\captionwidth=\dimen329
\caption@tempdima=\dimen330
\caption@indent=\dimen331
\caption@parindent=\dimen332
\caption@hangindent=\dimen333
Package caption Info: Standard document class detected.
)
\c@caption@flags=\count434
\c@continuedfloat=\count435
Package caption Info: hyperref package is loaded.
Package caption Info: longtable package is loaded.

(/usr/share/texlive/texmf-dist/tex/latex/caption/ltcaption.sty
Package: ltcaption 2020/05/30 v1.4b longtable captions (AR)
))
(/usr/share/texlive/texmf-dist/tex/latex/base/fontenc.sty
Package: fontenc 2021/04/29 v2.0v Standard LaTeX package
)
\@quotelevel=\count436
\@quotereset=\count437
 (./main.aux)
\openout1 = `main.aux'.

LaTeX Font Info:    Checking defaults for OML/cmm/m/it on input line 50.
LaTeX Font Info:    ... okay on input line 50.
LaTeX Font Info:    Checking defaults for OMS/cmsy/m/n on input line 50.
LaTeX Font Info:    ... okay on input line 50.
LaTeX Font Info:    Checking defaults for OT1/cmr/m/n on input line 50.
LaTeX Font Info:    ... okay on input line 50.
LaTeX Font Info:    Checking defaults for T1/cmr/m/n on input line 50.
LaTeX Font Info:    ... okay on input line 50.
LaTeX Font Info:    Checking defaults for TS1/cmr/m/n on input line 50.
LaTeX Font Info:    ... okay on input line 50.
LaTeX Font Info:    Checking defaults for OMX/cmex/m/n on input line 50.
LaTeX Font Info:    ... okay on input line 50.
LaTeX Font Info:    Checking defaults for U/cmr/m/n on input line 50.
LaTeX Font Info:    ... okay on input line 50.
LaTeX Font Info:    Checking defaults for PD1/pdf/m/n on input line 50.
LaTeX Font Info:    ... okay on input line 50.
LaTeX Font Info:    Checking defaults for PU/pdf/m/n on input line 50.
LaTeX Font Info:    ... okay on input line 50.

*geometry* driver: auto-detecting
*geometry* detected driver: pdftex
*geometry* verbose mode - [ preamble ] result:
* driver: pdftex
* paper: <default>
* layout: <same size as paper>
* layoutoffset:(h,v)=(0.0pt,0.0pt)
* modes: twoside 
* h-part:(L,W,R)=(86.72377pt, 440.84746pt, 86.72377pt)
* v-part:(T,H,B)=(86.72377pt, 621.52245pt, 86.72377pt)
* \paperwidth=614.295pt
* \paperheight=794.96999pt
* \textwidth=440.84746pt
* \textheight=621.52245pt
* \oddsidemargin=14.45378pt
* \evensidemargin=14.45378pt
* \topmargin=-22.54622pt
* \headheight=12.0pt
* \headsep=25.0pt
* \topskip=12.0pt
* \footskip=30.0pt
* \marginparwidth=95.0pt
* \marginparsep=10.0pt
* \columnsep=10.0pt
* \skip\footins=10.8pt plus 4.0pt minus 2.0pt
* \hoffset=0.0pt
* \voffset=0.0pt
* \mag=1000
* \@twocolumnfalse
* \@twosidetrue
* \@mparswitchtrue
* \@reversemarginfalse
* (1in=72.27pt=25.4mm, 1cm=28.453pt)

(/usr/share/texlive/texmf-dist/tex/context/base/mkii/supp-pdf.mkii
[Loading MPS to PDF converter (version 2006.09.02).]
\scratchcounter=\count438
\scratchdimen=\dimen334
\scratchbox=\box71
\nofMPsegments=\count439
\nofMParguments=\count440
\everyMPshowfont=\toks30
\MPscratchCnt=\count441
\MPscratchDim=\dimen335
\MPnumerator=\count442
\makeMPintoPDFobject=\count443
\everyMPtoPDFconversion=\toks31
) (/usr/share/texlive/texmf-dist/tex/latex/epstopdf-pkg/epstopdf-base.sty
Package: epstopdf-base 2020-01-24 v2.11 Base part for package epstopdf

(/usr/share/texlive/texmf-dist/tex/latex/grfext/grfext.sty
Package: grfext 2019/12/03 v1.3 Manage graphics extensions (HO)
)
Package epstopdf-base Info: Redefining graphics rule for `.eps' on input line 4
85.
Package grfext Info: Graphics extension search list:
(grfext)             [.pdf,.png,.jpg,.mps,.jpeg,.jbig2,.jb2,.PDF,.PNG,.JPG,.JPE
G,.JBIG2,.JB2,.eps]
(grfext)             \AppendGraphicsExtensions on input line 504.

(/usr/share/texlive/texmf-dist/tex/latex/latexconfig/epstopdf-sys.cfg
File: epstopdf-sys.cfg 2010/07/13 v1.3 Configuration of (r)epstopdf for TeX Liv
e
))
Package hyperref Info: Link coloring OFF on input line 50.

(/usr/share/texlive/texmf-dist/tex/latex/hyperref/nameref.sty
Package: nameref 2021-04-02 v2.47 Cross-referencing by name of section

(/usr/share/texlive/texmf-dist/tex/latex/refcount/refcount.sty
Package: refcount 2019/12/15 v3.6 Data extraction from label references (HO)
)
(/usr/share/texlive/texmf-dist/tex/generic/gettitlestring/gettitlestring.sty
Package: gettitlestring 2019/12/15 v1.6 Cleanup title references (HO)
)
\c@section@level=\count444
)
LaTeX Info: Redefining \ref on input line 50.
LaTeX Info: Redefining \pageref on input line 50.
LaTeX Info: Redefining \nameref on input line 50.

(./main.out) (./main.out)
\@outlinefile=\write5
\openout5 = `main.out'.

Package biblatex Info: Trying to load language 'english'...
Package biblatex Info: ... file 'english.lbx' found.

(/usr/share/texlive/texmf-dist/tex/latex/biblatex/lbx/english.lbx
File: english.lbx 2022/02/02 v3.17 biblatex localization (PK/MW)
)
Package biblatex Info: Input encoding 'utf8' detected.
Package biblatex Info: Automatic encoding selection.
(biblatex)             Assuming data encoding 'utf8'.
\openout3 = `main.bcf'.

Package biblatex Info: Trying to load bibliographic data...
Package biblatex Info: ... file 'main.bbl' found.
 (./main.bbl
! Illegal parameter number in definition of \NewValue.
<to be read again> 
                   W
l.1232       \field{booktitle}{#WWW07#}
                                       
? 
! Illegal parameter number in definition of \NewValue.
<to be read again> 
                   }
l.1232       \field{booktitle}{#WWW07#}
                                       
? 
! Illegal parameter number in definition of \abx@field@booktitle.
<to be read again> 
                   W
l.1239     \endentry
                    
? 
! Illegal parameter number in definition of \abx@field@booktitle.
<to be read again> 
                   }
l.1239     \endentry
                    
? 
)
Package biblatex Info: Reference section=0 on input line 50.
Package biblatex Info: Reference segment=0 on input line 50.
Package caption Info: Begin \AtBeginDocument code.
Package caption Info: End \AtBeginDocument code.
 (./titlepage.tex
<./images/imperial.pdf, id=505, 362.35374pt x 95.35625pt>
File: ./images/imperial.pdf Graphic file (type pdf)
<use ./images/imperial.pdf>
Package pdftex.def Info: ./images/imperial.pdf  used on input line 10.
(pdftex.def)             Requested size: 113.81102pt x 29.95006pt.

Underfull \hbox (badness 10000) in paragraph at lines 10--11

 []

LaTeX Font Info:    Trying to load font information for U+msa on input line 39.

(/usr/share/texlive/texmf-dist/tex/latex/amsfonts/umsa.fd
File: umsa.fd 2013/01/14 v3.01 AMS symbols A
)
LaTeX Font Info:    Trying to load font information for U+msb on input line 39.


(/usr/share/texlive/texmf-dist/tex/latex/amsfonts/umsb.fd
File: umsb.fd 2013/01/14 v3.01 AMS symbols B
) [1

{/var/lib/texmf/fonts/map/pdftex/updmap/pdftex.map} <./images/imperial.pdf>]) [
1]
Underfull \hbox (badness 10000) in paragraph at lines 56--62

 []


Underfull \hbox (badness 10000) in paragraph at lines 56--62

 []

pdfTeX warning (ext4): destination with the same identifier (name{page.i}) has 
been already used, duplicate ignored
<to be read again> 
                   \relax 
l.62 \end{abstract}
                    [1] [2


]
*geometry* verbose mode - [ newgeometry ] result:
* driver: pdftex
* paper: <default>
* layout: <same size as paper>
* layoutoffset:(h,v)=(0.0pt,0.0pt)
* modes: twoside 
* h-part:(L,W,R)=(72.26999pt, 469.75502pt, 72.26999pt)
* v-part:(T,H,B)=(72.26999pt, 650.43001pt, 72.26999pt)
* \paperwidth=614.295pt
* \paperheight=794.96999pt
* \textwidth=469.75502pt
* \textheight=650.43001pt
* \oddsidemargin=0.0pt
* \evensidemargin=0.0pt
* \topmargin=-37.0pt
* \headheight=12.0pt
* \headsep=25.0pt
* \topskip=12.0pt
* \footskip=30.0pt
* \marginparwidth=95.0pt
* \marginparsep=10.0pt
* \columnsep=10.0pt
* \skip\footins=10.8pt plus 4.0pt minus 2.0pt
* \hoffset=0.0pt
* \voffset=0.0pt
* \mag=1000
* \@twocolumnfalse
* \@twosidetrue
* \@mparswitchtrue
* \@reversemarginfalse
* (1in=72.27pt=25.4mm, 1cm=28.453pt)


Underfull \hbox (badness 10000) in paragraph at lines 68--83

 []


Underfull \hbox (badness 10000) in paragraph at lines 68--83

 []


Underfull \hbox (badness 10000) in paragraph at lines 68--83

 []


Underfull \hbox (badness 10000) in paragraph at lines 68--83

 []


Underfull \hbox (badness 10000) in paragraph at lines 68--83

 []


Underfull \hbox (badness 10000) in paragraph at lines 68--83

 []


Underfull \hbox (badness 10000) in paragraph at lines 68--83

 []

[3


] [4



] (./main.tocpdfTeX warning (ext4): destination with the same identifier (name{
page.i}) has been already used, duplicate ignored
<to be read again> 
                   \relax 
l.27 ...{3.3.4}URL Checking}{14}{subsection.3.3.4}
                                                  % [1

]pdfTeX warning (ext4): destination with the same identifier (name{page.ii}) ha
s been already used, duplicate ignored
<to be read again> 
                   \relax 
l.56 ...5.4.3}FasT Matching}{27}{subsection.5.4.3}
                                                  % [2]pdfTeX warning (ext4): d
estination with the same identifier (name{page.iii}) has been already used, dup
licate ignored
<to be read again> 
                   \relax 
l.86 ...6}Batch Script Execution}{56}{section.6.6}
                                                  % [3]pdfTeX warning (ext4): d
estination with the same identifier (name{page.iv}) has been already used, dupl
icate ignored
<to be read again> 
                   \relax 
l.115 ...e {8.2.2}Searching}{77}{subsection.8.2.2}
                                                  % [4])
\tf@toc=\write6
\openout6 = `main.toc'.

 [5]
Chapter 1.
<images/phishingemail.png, id=690, 1644.1425pt x 825.0825pt>
File: images/phishingemail.png Graphic file (type png)
<use images/phishingemail.png>
Package pdftex.def Info: images/phishingemail.png  used on input line 101.
(pdftex.def)             Requested size: 352.6793pt x 176.9864pt.

Underfull \hbox (badness 10000) in paragraph at lines 90--106

 []


Underfull \hbox (badness 10000) in paragraph at lines 90--106

 []


Underfull \hbox (badness 10000) in paragraph at lines 90--106

 []

pdfTeX warning (ext4): destination with the same identifier (name{page.1}) has 
been already used, duplicate ignored
<to be read again> 
                   \relax 
l.106 \section{Motivation}
                          \label{motivation} [1

]
! Illegal parameter number in definition of \abx@field@booktitle.
<to be read again> 
                   W
l.107 ...from many false positives~\cite{cantina}.
                                                   Whittaker et al. had simi...

? 
! Illegal parameter number in definition of \abx@field@booktitle.
<to be read again> 
                   }
l.107 ...from many false positives~\cite{cantina}.
                                                   Whittaker et al. had simi...

? 

Underfull \hbox (badness 10000) in paragraph at lines 107--116

 []


Underfull \hbox (badness 10000) in paragraph at lines 107--116

 []


Underfull \hbox (badness 10000) in paragraph at lines 107--116

 []


Underfull \hbox (badness 10000) in paragraph at lines 107--116

 []

[2 <./images/phishingemail.png>]
Underfull \vbox (badness 10000) has occurred while \output is active []

 [3]
[4]
Chapter 2.
! Illegal parameter number in definition of \abx@field@booktitle.
<to be read again> 
                   W
l.131 ...veloped by Y. Zhang et al~\cite{cantina}.
                                                  
? 
! Illegal parameter number in definition of \abx@field@booktitle.
<to be read again> 
                   }
l.131 ...veloped by Y. Zhang et al~\cite{cantina}.
                                                  
? 

Underfull \hbox (badness 10000) in paragraph at lines 129--139

 []


Underfull \hbox (badness 10000) in paragraph at lines 129--139

 []


Underfull \hbox (badness 10000) in paragraph at lines 129--139

 []


Underfull \hbox (badness 10000) in paragraph at lines 129--139

 []


Underfull \hbox (badness 10000) in paragraph at lines 129--139

 []

[5

]
Underfull \hbox (badness 10000) in paragraph at lines 161--166

 []


Underfull \hbox (badness 10000) in paragraph at lines 161--166

 []


Underfull \vbox (badness 2680) has occurred while \output is active []

 [6

]
Underfull \hbox (badness 10000) in paragraph at lines 170--173

 []

[7]
Chapter 3.

Underfull \hbox (badness 10000) in paragraph at lines 180--183

 []

[8

]
Underfull \hbox (badness 10000) in paragraph at lines 187--192

 []


Underfull \hbox (badness 10000) in paragraph at lines 187--192

 []


Underfull \hbox (badness 10000) in paragraph at lines 193--200

 []


Underfull \hbox (badness 10000) in paragraph at lines 193--200

 []


Underfull \hbox (badness 10000) in paragraph at lines 193--200

 []

[9]
LaTeX Font Info:    Trying to load font information for T1+cmtt on input line 2
03.
 (/usr/share/texlive/texmf-dist/tex/latex/base/t1cmtt.fd
File: t1cmtt.fd 2019/12/16 v2.5j Standard LaTeX font definitions
)
Underfull \hbox (badness 10000) in paragraph at lines 201--208

 []


Underfull \hbox (badness 10000) in paragraph at lines 201--208

 []


Overfull \hbox (53.00284pt too wide) in paragraph at lines 201--208
\T1/cmr/m/n/12 From \T1/cmr/bx/n/12 mod_php \T1/cmr/m/n/12 they mod-i-fied thre
e han-dlers, \T1/cmtt/m/n/12 rfc1867_post_handler\T1/cmr/m/n/12 , \T1/cmtt/m/n/
12 php_std_post_handler
 []


Underfull \hbox (badness 10000) in paragraph at lines 201--208

 []


Underfull \hbox (badness 10000) in paragraph at lines 209--220

 []


Underfull \hbox (badness 10000) in paragraph at lines 209--220

 []


Underfull \hbox (badness 10000) in paragraph at lines 209--220

 []


Underfull \hbox (badness 10000) in paragraph at lines 209--220

 []


Underfull \hbox (badness 10000) in paragraph at lines 209--220

 []

[10]
Underfull \vbox (badness 4886) has occurred while \output is active []

 [11]
Underfull \hbox (badness 10000) in paragraph at lines 221--224

 []

<images/pagerankphishing.png, id=787, 218.61674pt x 213.1965pt>
File: images/pagerankphishing.png Graphic file (type png)
<use images/pagerankphishing.png>
Package pdftex.def Info: images/pagerankphishing.png  used on input line 233.
(pdftex.def)             Requested size: 220.42372pt x 214.9624pt.

Underfull \hbox (badness 10000) in paragraph at lines 226--238

 []


Underfull \hbox (badness 10000) in paragraph at lines 226--238

 []

[12]
Underfull \hbox (badness 10000) in paragraph at lines 242--245

 []

[13 <./images/pagerankphishing.png>]
Underfull \hbox (badness 10000) in paragraph at lines 248--252

 []


Underfull \hbox (badness 10000) in paragraph at lines 248--252

 []


Underfull \hbox (badness 5245) in paragraph at lines 248--252
\T1/cmr/m/n/12 page which has used Tech-nique II. Us-ing the ex-am-ple in sec-t
ion []3.2.4[],
 []


Underfull \hbox (badness 10000) in paragraph at lines 252--255

 []

[14]
Underfull \hbox (badness 10000) in paragraph at lines 256--263

 []


Underfull \hbox (badness 10000) in paragraph at lines 256--263

 []


Underfull \hbox (badness 10000) in paragraph at lines 256--263

 []


Underfull \hbox (badness 10000) in paragraph at lines 264--271

 []


Underfull \hbox (badness 10000) in paragraph at lines 264--271

 []


Underfull \hbox (badness 10000) in paragraph at lines 264--271

 []

[15] [16]
Chapter 4.

Underfull \hbox (badness 10000) in paragraph at lines 272--283

 []


Underfull \hbox (badness 10000) in paragraph at lines 272--283

 []


Underfull \hbox (badness 10000) in paragraph at lines 272--283

 []


Underfull \hbox (badness 10000) in paragraph at lines 272--283

 []


Underfull \hbox (badness 10000) in paragraph at lines 272--283

 []

[17

]
Underfull \hbox (badness 10000) in paragraph at lines 284--287

 []

[18] [19]
Chapter 5.

Underfull \hbox (badness 10000) in paragraph at lines 297--300

 []

[20

]
Underfull \hbox (badness 10000) in paragraph at lines 307--310

 []

[21]
Underfull \hbox (badness 10000) in paragraph at lines 319--322

 []


Underfull \vbox (badness 4229) has occurred while \output is active []

 [22]
<images/naturalnumbers.png, id=864, 156.585pt x 89.133pt>
File: images/naturalnumbers.png Graphic file (type png)
<use images/naturalnumbers.png>
Package pdftex.def Info: images/naturalnumbers.png  used on input line 331.
(pdftex.def)             Requested size: 199.16928pt x 113.37715pt.

Underfull \hbox (badness 10000) in paragraph at lines 324--336

 []


Underfull \hbox (badness 10000) in paragraph at lines 324--336

 []


LaTeX Warning: `h' float specifier changed to `ht'.


Underfull \hbox (badness 10000) in paragraph at lines 339--342

 []


Underfull \vbox (badness 4024) has occurred while \output is active []

 [23]
[24 <./images/naturalnumbers.png>]
! Illegal parameter number in definition of \abx@field@booktitle.
<to be read again> 
                   W
l.374 ...f Google's search results~\cite{cantina}.
                                                   If it did not, then it wa...

? 
! Illegal parameter number in definition of \abx@field@booktitle.
<to be read again> 
                   }
l.374 ...f Google's search results~\cite{cantina}.
                                                   If it did not, then it wa...

? 

Underfull \hbox (badness 10000) in paragraph at lines 368--375

 []


Underfull \hbox (badness 10000) in paragraph at lines 368--375

 []


Underfull \hbox (badness 10000) in paragraph at lines 368--375

 []

<images/domtree.png, id=883, 284.262pt x 146.949pt>
File: images/domtree.png Graphic file (type png)
<use images/domtree.png>
Package pdftex.def Info: images/domtree.png  used on input line 379.
(pdftex.def)             Requested size: 284.26129pt x 146.94864pt.

Underfull \hbox (badness 10000) in paragraph at lines 376--390

 []


Underfull \hbox (badness 10000) in paragraph at lines 376--390

 []

[25]
Underfull \hbox (badness 10000) in paragraph at lines 392--395

 []

[26 <./images/domtree.png>]
<images/translation.png, id=908, 42.1575pt x 38.1425pt>
File: images/translation.png Graphic file (type png)
<use images/translation.png>
Package pdftex.def Info: images/translation.png  used on input line 401.
(pdftex.def)             Requested size: 42.15738pt x 38.1424pt.
<images/scale.png, id=909, 44.165pt x 47.17625pt>
File: images/scale.png Graphic file (type png)
<use images/scale.png>
Package pdftex.def Info: images/scale.png  used on input line 402.
(pdftex.def)             Requested size: 44.16487pt x 47.17612pt.
<images/shear.png, id=910, 41.15375pt x 28.105pt>
File: images/shear.png Graphic file (type png)
<use images/shear.png>
Package pdftex.def Info: images/shear.png  used on input line 403.
(pdftex.def)             Requested size: 41.15364pt x 28.10492pt.
<images/rotation.png, id=911, 42.1575pt x 42.1575pt>
File: images/rotation.png Graphic file (type png)
<use images/rotation.png>
Package pdftex.def Info: images/rotation.png  used on input line 404.
(pdftex.def)             Requested size: 42.15738pt x 42.15738pt.

Easytable[row:4,col:2]

LaTeX Warning: `h' float specifier changed to `ht'.


Underfull \hbox (badness 10000) in paragraph at lines 413--416

 []

[27]
Underfull \hbox (badness 10000) in paragraph at lines 417--420

 []

[28 <./images/translation.png> <./images/scale.png> <./images/shear.png> <./ima
ges/rotation.png>]
<images/fastmatching.png, id=938, 370.38374pt x 145.54375pt>
File: images/fastmatching.png Graphic file (type png)
<use images/fastmatching.png>
Package pdftex.def Info: images/fastmatching.png  used on input line 424.
(pdftex.def)             Requested size: 370.38283pt x 145.54338pt.

Underfull \vbox (badness 2980) has occurred while \output is active []

 [29 <./images/fastmatching.png>]
Overfull \hbox (1.05981pt too wide) in paragraph at lines 442--443
\T1/cmr/m/n/12 Flask is a mod-ule within Python which al-lows us to quickly cre
-ate a server on \T1/cmtt/m/n/12 localhost
 []

[30] [31]
Chapter 6.

Underfull \hbox (badness 10000) in paragraph at lines 446--452

 []


Underfull \hbox (badness 10000) in paragraph at lines 446--452

 []


Underfull \hbox (badness 10000) in paragraph at lines 456--459

 []

[32

]
Underfull \hbox (badness 10000) in paragraph at lines 460--478

 []


Underfull \hbox (badness 10000) in paragraph at lines 460--478

 []


Underfull \hbox (badness 10000) in paragraph at lines 460--478

 []


Underfull \hbox (badness 10000) in paragraph at lines 460--478

 []


Underfull \hbox (badness 10000) in paragraph at lines 460--478

 []


Underfull \hbox (badness 10000) in paragraph at lines 460--478

 []

[33]
! Illegal parameter number in definition of \abx@field@booktitle.
<to be read again> 
                   W
l.479 ...ting known phishing pages \cite{cantina}.
                                                  
? 
! Illegal parameter number in definition of \abx@field@booktitle.
<to be read again> 
                   }
l.479 ...ting known phishing pages \cite{cantina}.
                                                  
? 

Underfull \hbox (badness 10000) in paragraph at lines 479--482

 []

[34]
Underfull \hbox (badness 10000) in paragraph at lines 485--488

 []

[35]
Underfull \hbox (badness 10000) in paragraph at lines 490--496

 []


Underfull \hbox (badness 10000) in paragraph at lines 490--496

 []

[36

]
Underfull \hbox (badness 10000) in paragraph at lines 508--513

 []


Underfull \hbox (badness 10000) in paragraph at lines 514--519

 []


Underfull \hbox (badness 10000) in paragraph at lines 514--519

 []

<images/pipeline.png, id=1006, 1195.46625pt x 410.53375pt>
File: images/pipeline.png Graphic file (type png)
<use images/pipeline.png>
Package pdftex.def Info: images/pipeline.png  used on input line 527.
(pdftex.def)             Requested size: 441.01772pt x 151.45035pt.

Underfull \hbox (badness 10000) in paragraph at lines 520--532

 []


Underfull \hbox (badness 10000) in paragraph at lines 520--532

 []

[37]

LaTeX Warning: `h' float specifier changed to `ht'.


Underfull \hbox (badness 10000) in paragraph at lines 533--536

 []


Underfull \hbox (badness 10000) in paragraph at lines 537--542

 []


Underfull \hbox (badness 10000) in paragraph at lines 537--542

 []


Underfull \vbox (badness 2735) has occurred while \output is active []

 [38]
[39 <./images/pipeline.png>]
*geometry* verbose mode - [ newgeometry ] result:
* driver: pdftex
* paper: <default>
* layout: <same size as paper>
* layoutoffset:(h,v)=(0.0pt,0.0pt)
* modes: twoside 
* h-part:(L,W,R)=(50.58878pt, 513.11745pt, 50.58878pt)
* v-part:(T,H,B)=(50.58878pt, 693.79243pt, 50.58878pt)
* \paperwidth=614.295pt
* \paperheight=794.96999pt
* \textwidth=513.11745pt
* \textheight=693.79243pt
* \oddsidemargin=-21.68121pt
* \evensidemargin=-21.68121pt
* \topmargin=-58.68121pt
* \headheight=12.0pt
* \headsep=25.0pt
* \topskip=12.0pt
* \footskip=30.0pt
* \marginparwidth=95.0pt
* \marginparsep=10.0pt
* \columnsep=10.0pt
* \skip\footins=10.8pt plus 4.0pt minus 2.0pt
* \hoffset=0.0pt
* \voffset=0.0pt
* \mag=1000
* \@twocolumnfalse
* \@twosidetrue
* \@mparswitchtrue
* \@reversemarginfalse
* (1in=72.27pt=25.4mm, 1cm=28.453pt)


Overfull \hbox (4.72906pt too wide) in paragraph at lines 548--548
[]|\T1/cmr/bx/n/12 Robustness[][][]|  
 []


Overfull \hbox (2.6267pt too wide) in paragraph at lines 564--564
[]|\T1/cmr/m/n/12 Medium/Low|  
 []


Overfull \hbox (2.6267pt too wide) in paragraph at lines 566--566
[]|\T1/cmr/m/n/12 Medium/Low|  
 []


Overfull \hbox (2.6267pt too wide) in paragraph at lines 568--568
[]|\T1/cmr/m/n/12 Medium/Low|  
 []


Overfull \hbox (2.6267pt too wide) in paragraph at lines 570--570
[]|\T1/cmr/m/n/12 Medium/Low|  
 []


Overfull \hbox (2.6267pt too wide) in paragraph at lines 572--572
[]|\T1/cmr/m/n/12 Medium/Low|  
 []


Overfull \hbox (2.6267pt too wide) in paragraph at lines 574--574
[]|\T1/cmr/m/n/12 Medium/Low|  
 []

[40


] [41] [42] [43] [44]
Underfull \hbox (badness 10000) in paragraph at lines 592--595

 []


Underfull \hbox (badness 10000) in paragraph at lines 596--599

 []

[45

]
*geometry* verbose mode - [ newgeometry ] result:
* driver: pdftex
* paper: <default>
* layout: <same size as paper>
* layoutoffset:(h,v)=(0.0pt,0.0pt)
* modes: twoside 
* h-part:(L,W,R)=(50.58878pt, 513.11745pt, 50.58878pt)
* v-part:(T,H,B)=(50.58878pt, 693.79243pt, 50.58878pt)
* \paperwidth=614.295pt
* \paperheight=794.96999pt
* \textwidth=513.11745pt
* \textheight=693.79243pt
* \oddsidemargin=-21.68121pt
* \evensidemargin=-21.68121pt
* \topmargin=-58.68121pt
* \headheight=12.0pt
* \headsep=25.0pt
* \topskip=12.0pt
* \footskip=30.0pt
* \marginparwidth=95.0pt
* \marginparsep=10.0pt
* \columnsep=10.0pt
* \skip\footins=10.8pt plus 4.0pt minus 2.0pt
* \hoffset=0.0pt
* \voffset=0.0pt
* \mag=1000
* \@twocolumnfalse
* \@twosidetrue
* \@mparswitchtrue
* \@reversemarginfalse
* (1in=72.27pt=25.4mm, 1cm=28.453pt)


Overfull \hbox (2.6267pt too wide) in paragraph at lines 613--613
[]|\T1/cmr/m/n/12 Medium/Low|  
 []


Overfull \hbox (2.6267pt too wide) in paragraph at lines 615--615
[]|\T1/cmr/m/n/12 Medium/Low|  
 []


Overfull \hbox (2.6267pt too wide) in paragraph at lines 617--617
[]|\T1/cmr/m/n/12 Medium/Low|  
 []


Overfull \hbox (2.6267pt too wide) in paragraph at lines 619--619
[]|\T1/cmr/m/n/12 Medium/Low|  
 []

[46

] [47]
Underfull \hbox (badness 10000) in paragraph at lines 625--628

 []


Underfull \hbox (badness 10000) in paragraph at lines 629--640

 []


Underfull \hbox (badness 10000) in paragraph at lines 629--640

 []


Underfull \hbox (badness 10000) in paragraph at lines 629--640

 []


Underfull \hbox (badness 10000) in paragraph at lines 629--640

 []


Underfull \hbox (badness 10000) in paragraph at lines 629--640

 []

[48

] [49]
*geometry* verbose mode - [ newgeometry ] result:
* driver: pdftex
* paper: <default>
* layout: <same size as paper>
* layoutoffset:(h,v)=(0.0pt,0.0pt)
* modes: twoside 
* h-part:(L,W,R)=(50.58878pt, 513.11745pt, 50.58878pt)
* v-part:(T,H,B)=(50.58878pt, 693.79243pt, 50.58878pt)
* \paperwidth=614.295pt
* \paperheight=794.96999pt
* \textwidth=513.11745pt
* \textheight=693.79243pt
* \oddsidemargin=-21.68121pt
* \evensidemargin=-21.68121pt
* \topmargin=-58.68121pt
* \headheight=12.0pt
* \headsep=25.0pt
* \topskip=12.0pt
* \footskip=30.0pt
* \marginparwidth=95.0pt
* \marginparsep=10.0pt
* \columnsep=10.0pt
* \skip\footins=10.8pt plus 4.0pt minus 2.0pt
* \hoffset=0.0pt
* \voffset=0.0pt
* \mag=1000
* \@twocolumnfalse
* \@twosidetrue
* \@mparswitchtrue
* \@reversemarginfalse
* (1in=72.27pt=25.4mm, 1cm=28.453pt)

<images/featurematchingat&t.png, id=1097, 1672.2475pt x 1213.53375pt>
File: images/featurematchingat&t.png Graphic file (type png)
<use images/featurematchingat&t.png>
Package pdftex.def Info: images/featurematchingat&t.png  used on input line 644
.
(pdftex.def)             Requested size: 282.21616pt x 204.79813pt.
<images/featurematchingpaypal.png, id=1098, 1672.2475pt x 1213.53375pt>
File: images/featurematchingpaypal.png Graphic file (type png)
<use images/featurematchingpaypal.png>
Package pdftex.def Info: images/featurematchingpaypal.png  used on input line 6
46.
(pdftex.def)             Requested size: 282.21616pt x 204.79813pt.
<images/featurematchingmicrosoft.png, id=1099, 1672.2475pt x 1213.53375pt>
File: images/featurematchingmicrosoft.png Graphic file (type png)
<use images/featurematchingmicrosoft.png>
Package pdftex.def Info: images/featurematchingmicrosoft.png  used on input lin
e 648.
(pdftex.def)             Requested size: 282.21616pt x 204.79813pt.

Overfull \hbox (6.79999pt too wide) in paragraph at lines 644--649
[][] 
 []


Underfull \hbox (badness 10000) in paragraph at lines 644--649

 []


Overfull \hbox (6.79999pt too wide) in paragraph at lines 644--649
[] 
 []


Underfull \hbox (badness 10000) in paragraph at lines 644--649

 []


Overfull \hbox (6.79999pt too wide) in paragraph at lines 644--649
[] 
 []


LaTeX Warning: Float too large for page by 17.2019pt on input line 652.


LaTeX Warning: `!h' float specifier changed to `!ht'.

[50 <./images/featurematchingat&t.png> <./images/featurematchingpaypal.png> <./
images/featurematchingmicrosoft.png>]
Underfull \hbox (badness 10000) in paragraph at lines 654--664

 []


Underfull \hbox (badness 10000) in paragraph at lines 654--664

 []


Underfull \hbox (badness 10000) in paragraph at lines 654--664

 []


Underfull \hbox (badness 10000) in paragraph at lines 654--664

 []

[51


]
*geometry* verbose mode - [ newgeometry ] result:
* driver: pdftex
* paper: <default>
* layout: <same size as paper>
* layoutoffset:(h,v)=(0.0pt,0.0pt)
* modes: twoside 
* h-part:(L,W,R)=(50.58878pt, 513.11745pt, 50.58878pt)
* v-part:(T,H,B)=(50.58878pt, 693.79243pt, 50.58878pt)
* \paperwidth=614.295pt
* \paperheight=794.96999pt
* \textwidth=513.11745pt
* \textheight=693.79243pt
* \oddsidemargin=-21.68121pt
* \evensidemargin=-21.68121pt
* \topmargin=-58.68121pt
* \headheight=12.0pt
* \headsep=25.0pt
* \topskip=12.0pt
* \footskip=30.0pt
* \marginparwidth=95.0pt
* \marginparsep=10.0pt
* \columnsep=10.0pt
* \skip\footins=10.8pt plus 4.0pt minus 2.0pt
* \hoffset=0.0pt
* \voffset=0.0pt
* \mag=1000
* \@twocolumnfalse
* \@twosidetrue
* \@mparswitchtrue
* \@reversemarginfalse
* (1in=72.27pt=25.4mm, 1cm=28.453pt)

<images/flannmatchingat&t.png, id=1116, 1672.2475pt x 1213.53375pt>
File: images/flannmatchingat&t.png Graphic file (type png)
<use images/flannmatchingat&t.png>
Package pdftex.def Info: images/flannmatchingat&t.png  used on input line 668.
(pdftex.def)             Requested size: 282.21616pt x 204.79813pt.
<images/flannmatchingpaypal.png, id=1117, 1672.2475pt x 1213.53375pt>
File: images/flannmatchingpaypal.png Graphic file (type png)
<use images/flannmatchingpaypal.png>
Package pdftex.def Info: images/flannmatchingpaypal.png  used on input line 670
.
(pdftex.def)             Requested size: 282.21616pt x 204.79813pt.
<images/flannmatchingmicrosoft.png, id=1118, 1672.2475pt x 1213.53375pt>
File: images/flannmatchingmicrosoft.png Graphic file (type png)
<use images/flannmatchingmicrosoft.png>
Package pdftex.def Info: images/flannmatchingmicrosoft.png  used on input line 
672.
(pdftex.def)             Requested size: 282.21616pt x 204.79813pt.

Overfull \hbox (6.79999pt too wide) in paragraph at lines 668--673
[][] 
 []


Underfull \hbox (badness 10000) in paragraph at lines 668--673

 []


Overfull \hbox (6.79999pt too wide) in paragraph at lines 668--673
[] 
 []


Underfull \hbox (badness 10000) in paragraph at lines 668--673

 []


Overfull \hbox (6.79999pt too wide) in paragraph at lines 668--673
[] 
 []


LaTeX Warning: Float too large for page by 17.2019pt on input line 676.

[52 <./images/flannmatchingat&t.png> <./images/flannmatchingpaypal.png> <./imag
es/flannmatchingmicrosoft.png>]
*geometry* verbose mode - [ newgeometry ] result:
* driver: pdftex
* paper: <default>
* layout: <same size as paper>
* layoutoffset:(h,v)=(0.0pt,0.0pt)
* modes: twoside 
* h-part:(L,W,R)=(50.58878pt, 513.11745pt, 50.58878pt)
* v-part:(T,H,B)=(50.58878pt, 693.79243pt, 50.58878pt)
* \paperwidth=614.295pt
* \paperheight=794.96999pt
* \textwidth=513.11745pt
* \textheight=693.79243pt
* \oddsidemargin=-21.68121pt
* \evensidemargin=-21.68121pt
* \topmargin=-58.68121pt
* \headheight=12.0pt
* \headsep=25.0pt
* \topskip=12.0pt
* \footskip=30.0pt
* \marginparwidth=95.0pt
* \marginparsep=10.0pt
* \columnsep=10.0pt
* \skip\footins=10.8pt plus 4.0pt minus 2.0pt
* \hoffset=0.0pt
* \voffset=0.0pt
* \mag=1000
* \@twocolumnfalse
* \@twosidetrue
* \@mparswitchtrue
* \@reversemarginfalse
* (1in=72.27pt=25.4mm, 1cm=28.453pt)

<images/cascadematchinggoogle.png, id=1123, 1371.1225pt x 770.88pt>
File: images/cascadematchinggoogle.png Graphic file (type png)
<use images/cascadematchinggoogle.png>
Package pdftex.def Info: images/cascadematchinggoogle.png  used on input line 6
82.
(pdftex.def)             Requested size: 313.00195pt x 175.96948pt.
<images/cascadematchingdropbox.png, id=1124, 1371.1225pt x 770.88pt>
File: images/cascadematchingdropbox.png Graphic file (type png)
<use images/cascadematchingdropbox.png>
Package pdftex.def Info: images/cascadematchingdropbox.png  used on input line 
684.
(pdftex.def)             Requested size: 313.00195pt x 175.96948pt.
<images/cascadematchingat&t.png, id=1125, 1371.1225pt x 1213.53375pt>
File: images/cascadematchingat&t.png Graphic file (type png)
<use images/cascadematchingat&t.png>
Package pdftex.def Info: images/cascadematchingat&t.png  used on input line 686
.
(pdftex.def)             Requested size: 313.00195pt x 277.01447pt.

Overfull \hbox (6.79999pt too wide) in paragraph at lines 682--687
[][] 
 []


Underfull \hbox (badness 10000) in paragraph at lines 682--687

 []


Overfull \hbox (6.79999pt too wide) in paragraph at lines 682--687
[] 
 []


Underfull \hbox (badness 10000) in paragraph at lines 682--687

 []


Overfull \hbox (6.79999pt too wide) in paragraph at lines 682--687
[] 
 []


LaTeX Warning: Float too large for page by 17.26096pt on input line 690.


LaTeX Warning: `!h' float specifier changed to `!ht'.

[53 <./images/cascadematchinggoogle.png> <./images/cascadematchingdropbox.png (
PNG copy)> <./images/cascadematchingat&t.png (PNG copy)>]
<images/cascadematchingnetflix.png, id=1130, 1371.1225pt x 1213.53375pt>
File: images/cascadematchingnetflix.png Graphic file (type png)
<use images/cascadematchingnetflix.png>
Package pdftex.def Info: images/cascadematchingnetflix.png  used on input line 
694.
(pdftex.def)             Requested size: 260.09837pt x 230.20346pt.

Underfull \hbox (badness 10000) in paragraph at lines 697--701

 []

[54




 <./images/cascadematchingnetflix.png>]
*geometry* verbose mode - [ newgeometry ] result:
* driver: pdftex
* paper: <default>
* layout: <same size as paper>
* layoutoffset:(h,v)=(0.0pt,0.0pt)
* modes: twoside 
* h-part:(L,W,R)=(50.58878pt, 513.11745pt, 50.58878pt)
* v-part:(T,H,B)=(50.58878pt, 693.79243pt, 50.58878pt)
* \paperwidth=614.295pt
* \paperheight=794.96999pt
* \textwidth=513.11745pt
* \textheight=693.79243pt
* \oddsidemargin=-21.68121pt
* \evensidemargin=-21.68121pt
* \topmargin=-58.68121pt
* \headheight=12.0pt
* \headsep=25.0pt
* \topskip=12.0pt
* \footskip=30.0pt
* \marginparwidth=95.0pt
* \marginparsep=10.0pt
* \columnsep=10.0pt
* \skip\footins=10.8pt plus 4.0pt minus 2.0pt
* \hoffset=0.0pt
* \voffset=0.0pt
* \mag=1000
* \@twocolumnfalse
* \@twosidetrue
* \@mparswitchtrue
* \@reversemarginfalse
* (1in=72.27pt=25.4mm, 1cm=28.453pt)

<images/cascadecorrect_att1.png, id=1137, 1670.24pt x 1192.455pt>
File: images/cascadecorrect_att1.png Graphic file (type png)
<use images/cascadecorrect_att1.png>
Package pdftex.def Info: images/cascadecorrect_att1.png  used on input line 705
.
(pdftex.def)             Requested size: 307.8736pt x 219.80013pt.
<images/cascadecorrect_att.png, id=1138, 1675.25874pt x 1371.1225pt>
File: images/cascadecorrect_att.png Graphic file (type png)
<use images/cascadecorrect_att.png>
Package pdftex.def Info: images/cascadecorrect_att.png  used on input line 707.

(pdftex.def)             Requested size: 307.8736pt x 251.97997pt.
<images/cascadecorrect_dropbox.png, id=1139, 1624.0675pt x 770.88pt>
File: images/cascadecorrect_dropbox.png Graphic file (type png)
<use images/cascadecorrect_dropbox.png>
Package pdftex.def Info: images/cascadecorrect_dropbox.png  used on input line 
709.
(pdftex.def)             Requested size: 307.8736pt x 146.1276pt.

Overfull \hbox (6.79999pt too wide) in paragraph at lines 705--710
[][] 
 []


Underfull \hbox (badness 10000) in paragraph at lines 705--710

 []


Overfull \hbox (6.79999pt too wide) in paragraph at lines 705--710
[] 
 []


Underfull \hbox (badness 10000) in paragraph at lines 705--710

 []


Overfull \hbox (6.79999pt too wide) in paragraph at lines 705--710
[] 
 []


LaTeX Warning: Float too large for page by 20.71521pt on input line 713.


LaTeX Warning: `!h' float specifier changed to `!ht'.

[55 <./images/cascadecorrect_att1.png> <./images/cascadecorrect_att.png> <./ima
ges/cascadecorrect_dropbox.png>] [56



]
Underfull \hbox (badness 10000) in paragraph at lines 731--734

 []

[57]
Underfull \hbox (badness 10000) in paragraph at lines 738--741

 []


Underfull \hbox (badness 10000) in paragraph at lines 742--745

 []

[58]
Chapter 7.
<images/comparisontable.png, id=1177, 818.05624pt x 650.43pt>
File: images/comparisontable.png Graphic file (type png)
<use images/comparisontable.png>
Package pdftex.def Info: images/comparisontable.png  used on input line 760.
(pdftex.def)             Requested size: 440.84746pt x 350.52231pt.

Underfull \hbox (badness 10000) in paragraph at lines 749--764

 []


Underfull \hbox (badness 10000) in paragraph at lines 749--764

 []


Underfull \hbox (badness 10000) in paragraph at lines 749--764

 []


Underfull \hbox (badness 10000) in paragraph at lines 749--764

 []

[59

] [60] [61 <./images/comparisontable.png>]
<images/datastructure.png, id=1197, 602.25pt x 372.39125pt>
File: images/datastructure.png Graphic file (type png)
<use images/datastructure.png>
Package pdftex.def Info: images/datastructure.png  used on input line 772.
(pdftex.def)             Requested size: 352.6793pt x 218.08382pt.

Underfull \hbox (badness 10000) in paragraph at lines 766--776

 []

<images/ROC_multiple_ensembles.png, id=1199, 462.528pt x 346.896pt>
File: images/ROC_multiple_ensembles.png Graphic file (type png)
<use images/ROC_multiple_ensembles.png>
Package pdftex.def Info: images/ROC_multiple_ensembles.png  used on input line 
782.
(pdftex.def)             Requested size: 264.51115pt x 198.39441pt.

Underfull \hbox (badness 10000) in paragraph at lines 777--786

 []

[62

 <./images/datastructure.png (PNG copy)>]
<images/ROC_multiple_approaches1.png, id=1208, 462.528pt x 346.896pt>
File: images/ROC_multiple_approaches1.png Graphic file (type png)
<use images/ROC_multiple_approaches1.png>
Package pdftex.def Info: images/ROC_multiple_approaches1.png  used on input lin
e 792.
(pdftex.def)             Requested size: 198.37999pt x 148.78654pt.
<images/ROC_multiple_approaches.png, id=1209, 462.528pt x 346.896pt>
File: images/ROC_multiple_approaches.png Graphic file (type png)
<use images/ROC_multiple_approaches.png>
Package pdftex.def Info: images/ROC_multiple_approaches.png  used on input line
 795.
(pdftex.def)             Requested size: 198.37999pt x 148.78654pt.

Underfull \hbox (badness 10000) in paragraph at lines 787--801

 []


Underfull \hbox (badness 10000) in paragraph at lines 787--801

 []

[63 <./images/ROC_multiple_ensembles.png>]
<images/ROC_screenshotimages.png, id=1222, 462.528pt x 346.896pt>
File: images/ROC_screenshotimages.png Graphic file (type png)
<use images/ROC_screenshotimages.png>
Package pdftex.def Info: images/ROC_screenshotimages.png  used on input line 81
9.
(pdftex.def)             Requested size: 264.51115pt x 198.39441pt.

Underfull \hbox (badness 10000) in paragraph at lines 808--823

 []


Underfull \hbox (badness 10000) in paragraph at lines 808--823

 []


Underfull \hbox (badness 10000) in paragraph at lines 808--823

 []


Underfull \hbox (badness 10000) in paragraph at lines 808--823

 []

[64 <./images/ROC_multiple_approaches1.png> <./images/ROC_multiple_approaches.p
ng>]
Underfull \vbox (badness 10000) has occurred while \output is active []

 [65]
Underfull \hbox (badness 10000) in paragraph at lines 824--831

 []


Underfull \hbox (badness 10000) in paragraph at lines 824--831

 []


Underfull \hbox (badness 10000) in paragraph at lines 824--831

 []

[66 <./images/ROC_screenshotimages.png>]
<images/ROC_zoomed_out.png, id=1244, 462.528pt x 346.896pt>
File: images/ROC_zoomed_out.png Graphic file (type png)
<use images/ROC_zoomed_out.png>
Package pdftex.def Info: images/ROC_zoomed_out.png  used on input line 853.
(pdftex.def)             Requested size: 198.37999pt x 148.78654pt.
<images/ROC_zoomed_in.png, id=1245, 462.528pt x 346.896pt>
File: images/ROC_zoomed_in.png Graphic file (type png)
<use images/ROC_zoomed_in.png>
Package pdftex.def Info: images/ROC_zoomed_in.png  used on input line 856.
(pdftex.def)             Requested size: 198.37999pt x 148.78654pt.

Underfull \hbox (badness 10000) in paragraph at lines 832--862

 []


Underfull \hbox (badness 10000) in paragraph at lines 832--862

 []

[67]
Underfull \hbox (badness 10000) in paragraph at lines 863--868

 []


Underfull \hbox (badness 10000) in paragraph at lines 863--868

 []

[68 <./images/ROC_zoomed_out.png> <./images/ROC_zoomed_in.png>]
Underfull \hbox (badness 10000) in paragraph at lines 869--888

 []

[69]
Underfull \hbox (badness 10000) in paragraph at lines 905--909

 []


Underfull \hbox (badness 10000) in paragraph at lines 912--946

 []


Underfull \vbox (badness 10000) has occurred while \output is active []

 [70

]
Underfull \hbox (badness 10000) in paragraph at lines 947--966

 []

[71] [72]
Overfull \hbox (2.15123pt too wide) in paragraph at lines 978--979
[][]$\T1/cmtt/m/n/12 https : / / steamcommunituy . com / 1523540873090 / mn4zqa
prqmnyej6gvoy / ku . ..$[] 
 []


Overfull \hbox (3.15123pt too wide) in paragraph at lines 979--980
[][]$\T1/cmtt/m/n/12 https : / / theatretech . co . za / ws / node / v3 / WELLS
FARGO -[] ACCOUNT -[] UPDATE . html$[] 
 []


Underfull \hbox (badness 10000) in paragraph at lines 981--985

 []


Overfull \hbox (4.65123pt too wide) in paragraph at lines 985--986
[][]$\T1/cmtt/m/n/12 https : / / www . usgs . gov / staff -[] profiles / craig 
-[] d -[] allen ? logstash -[] usgs -[] pw %
 []


Overfull \hbox (27.8452pt too wide) in paragraph at lines 985--986
\T1/cmtt/m/n/12 3Apalladium _ root _ topics = &logstash -[] usgs -[] pw % 3Apal
ladium _ root _ publication _
 []


Overfull \hbox (10.82472pt too wide) in paragraph at lines 986--987
[][]$\T1/cmtt/m/n/12 http : / / www . bbc . com / culture / story / 20180312 -[
] the -[] racist -[] message -[] hidden -[]
 []


Overfull \hbox (9.32472pt too wide) in paragraph at lines 987--988
[][]$\T1/cmtt/m/n/12 https : / / www . heavy -[] r . com / out . php ? member =
 homemade -[] voyeur . com & url = http %
 []


Overfull \hbox (9.82472pt too wide) in paragraph at lines 987--988
\T1/cmtt/m/n/12 3A % 2F % 2Fwww . homemade -[] voyeur . com % 2Ftube % 2Fvideo 
% 2Fwaterpark -[] exposure -[]
 []

[73]
Underfull \hbox (badness 10000) in paragraph at lines 991--996

 []


Overfull \hbox (20.80666pt too wide) in paragraph at lines 991--996
\T1/cmr/m/n/12 The HTML page for []$\T1/cmtt/m/n/12 http : / / khatsaz . com / 
bankofamerica . com . login . account . update /
 []


Overfull \hbox (1.07793pt too wide) in paragraph at lines 991--996
\T1/cmtt/m/n/12 1ab5b207453ce26b2c1474c0714db8da / signInScreen . go . html$[] 
\T1/cmr/m/n/12 is struc-tured very sim-
 []


Underfull \hbox (badness 10000) in paragraph at lines 991--996

 []

<images/malicious196.png, id=1321, 1371.1225pt x 976.64874pt>
File: images/malicious196.png Graphic file (type png)
<use images/malicious196.png>
Package pdftex.def Info: images/malicious196.png  used on input line 1003.
(pdftex.def)             Requested size: 304.18582pt x 216.66658pt.

Underfull \hbox (badness 10000) in paragraph at lines 997--1008

 []


Underfull \vbox (badness 10000) has occurred while \output is active []

 [74]
[75 <./images/malicious196.png>]
Chapter 8.

Underfull \hbox (badness 10000) in paragraph at lines 1010--1017

 []


Underfull \hbox (badness 10000) in paragraph at lines 1010--1017

 []


Underfull \hbox (badness 10000) in paragraph at lines 1010--1017

 []


Underfull \vbox (badness 3260) has occurred while \output is active []

 [76

]
Underfull \hbox (badness 10000) in paragraph at lines 1020--1023

 []

[77]
Underfull \hbox (badness 10000) in paragraph at lines 1027--1030

 []

[78

] [79] [80]
Overfull \hbox (10.64542pt too wide) in paragraph at lines 1047--1047
[]\T1/cmr/m/it/12 Beautiful Soup Doc-u-men-ta-tion ^^V Beau-ti-ful Soup 4.4.0 d
oc-u-men-ta-tion\T1/cmr/m/n/12 . \T1/cmr/m/sc/12 url\T1/cmr/m/n/12 : []$\T1/cmt
t/m/n/12 https :
 []


Overfull \hbox (10.54501pt too wide) in paragraph at lines 1047--1047
\T1/cmtt/m/n/12 / / www . crummy . com / software / BeautifulSoup / bs4 / doc/$
[] \T1/cmr/m/n/12 (vis-ited on 06/16/2018). 
 []


Overfull \hbox (16.41342pt too wide) in paragraph at lines 1047--1047
[]\T1/cmr/m/it/12 Building a Spam Fil-ter Us-ing Ma-chine Learn-ing\T1/cmr/m/n/
12 . \T1/cmr/m/sc/12 url\T1/cmr/m/n/12 : []$\T1/cmtt/m/n/12 https : / / www . b
ooleanworld .
 []


Overfull \hbox (13.04501pt too wide) in paragraph at lines 1047--1047
\T1/cmtt/m/n/12 com / building -[] spam -[] filter -[] using -[] machine -[] le
arning/$[] \T1/cmr/m/n/12 (vis-ited on 05/30/2018). 
 []


Overfull \hbox (15.14668pt too wide) in paragraph at lines 1047--1047
\T1/cmtt/m/n/12 opencv . org / 2 . 4 / modules / objdetect / doc / cascade % 7B
 % 5C _ %7Dclassification .
 []

[81


]
Overfull \hbox (4.28189pt too wide) in paragraph at lines 1047--1047
[]\T1/cmr/m/it/12 Keyword Re-search, Com-pet-i-tive Anal-y-sis, & Web-site Rank
-ing | Alexa\T1/cmr/m/n/12 . \T1/cmr/m/sc/12 url\T1/cmr/m/n/12 : []$\T1/cmtt/m/
n/12 https :
 []

[82]
Overfull \hbox (18.14632pt too wide) in paragraph at lines 1047--1047
[]\T1/cmr/m/it/12 PyPI - the Python Pack-age In-dex\T1/cmr/m/n/12 . \T1/cmr/m/s
c/12 url\T1/cmr/m/n/12 : []$\T1/cmtt/m/n/12 https : / / pypi . org/$[] \T1/cmr/
m/n/12 (vis-ited on 06/16/2018). 
 []

[83]
! Illegal parameter number in definition of \abx@field@booktitle.
<to be read again> 
                   W
l.1047 \clearpage
                 
? 
! Illegal parameter number in definition of \abx@field@booktitle.
<to be read again> 
                   }
l.1047 \clearpage
                 
? 
! You can't use `macro parameter character #' in horizontal mode.
<argument> ##
             WWW07##
l.1047 \clearpage
                 
? 
! You can't use `macro parameter character #' in horizontal mode.
<argument> ##WWW07##
                    
l.1047 \clearpage
                 
? 
[84]
*geometry* verbose mode - [ newgeometry ] result:
* driver: pdftex
* paper: <default>
* layout: <same size as paper>
* layoutoffset:(h,v)=(0.0pt,0.0pt)
* modes: twoside 
* h-part:(L,W,R)=(50.58878pt, 513.11745pt, 50.58878pt)
* v-part:(T,H,B)=(50.58878pt, 693.79243pt, 50.58878pt)
* \paperwidth=614.295pt
* \paperheight=794.96999pt
* \textwidth=513.11745pt
* \textheight=693.79243pt
* \oddsidemargin=-21.68121pt
* \evensidemargin=-21.68121pt
* \topmargin=-58.68121pt
* \headheight=12.0pt
* \headsep=25.0pt
* \topskip=12.0pt
* \footskip=30.0pt
* \marginparwidth=95.0pt
* \marginparsep=10.0pt
* \columnsep=10.0pt
* \skip\footins=10.8pt plus 4.0pt minus 2.0pt
* \hoffset=0.0pt
* \voffset=0.0pt
* \mag=1000
* \@twocolumnfalse
* \@twosidetrue
* \@mparswitchtrue
* \@reversemarginfalse
* (1in=72.27pt=25.4mm, 1cm=28.453pt)


Appendix A.

Overfull \hbox (0.79153pt too wide) in paragraph at lines 1057--1059
[]|\T1/cmr/bx/n/12 Classification|  
 []


Overfull \hbox (16.43893pt too wide) in paragraph at lines 1325--1325
\T1/cmtt/m/n/12 da9c13eff2b8731f4bdf11c95d059ecbda9c13eff2b8731f4bdf11c95d059ec
b / 
 []


Overfull \hbox (16.43893pt too wide) in paragraph at lines 1325--1325
\T1/cmtt/m/n/12 618735a7c9209dc2ecdc8a22b793d39a618735a7c9209dc2ecdc8a22b793d39
a / 
 []


Overfull \hbox (16.43893pt too wide) in paragraph at lines 1325--1325
\T1/cmtt/m/n/12 319c03858a4ec8cef3e03d46744fc792319c03858a4ec8cef3e03d46744fc79
2 / 
 []


Overfull \hbox (10.26544pt too wide) in paragraph at lines 1547--1547
\T1/cmtt/m/n/12 f17ca2c829680ada2fec9fc87bc5f6064fcb695334acc589c544ceca00d6ef7
b$[]|  
 []

! Misplaced \noalign.
\hline ->\noalign 
                  {\ifnum 0=`}\fi \penalty \@M \futurelet \@let@token \LT@@h...
l.1866 \hline
             
? 
! Misplaced \omit.
\multispan ->\omit 
                   \@multispan 
l.1867 \caption
               {URLs in our test set which were misclassified by our classif...

? 
! Extra alignment tab has been changed to \cr.
<recently read> \endtemplate 
                             
l.1867 \caption
               {URLs in our test set which were misclassified by our classif...

? 
[85



] [86] [87] [88] [89] [90] [91] [92] [93] [94] [95] [96] (./main.aux)
Package rerunfilecheck Info: File `main.out' has not changed.
(rerunfilecheck)             Checksum: A5D6FA43469A4C7812C716CC0B32D7D1;17008.
Package logreq Info: Writing requests to 'main.run.xml'.
\openout1 = `main.run.xml'.

 ) 
Here is how much of TeX's memory you used:
 21717 strings out of 480247
 384398 string characters out of 5896151
 1297935 words of memory out of 5000000
 39019 multiletter control sequences out of 15000+600000
 492657 words of font info for 82 fonts, out of 8000000 for 9000
 14 hyphenation exceptions out of 8191
 60i,11n,68p,1104b,1498s stack positions out of 5000i,500n,10000p,200000b,80000s
pdfTeX warning (dest): name{Hfootnote.2} has been referenced but does not exi
st, replaced by a fixed one

pdfTeX warning (dest): name{Hfootnote.1} has been referenced but does not exist
, replaced by a fixed one

 </home/kabeer/.texlive2021/texmf-var/fonts/pk/ljfour/jknappen/ec/eccc1200.600p
k> </home/kabeer/.texlive2021/texmf-var/fonts/pk/ljfour/jknappen/ec/ecrm1000.60
0pk> </home/kabeer/.texlive2021/texmf-var/fonts/pk/ljfour/jknappen/ec/ecrm0700.
600pk> </home/kabeer/.texlive2021/texmf-var/fonts/pk/ljfour/jknappen/ec/ectt120
0.600pk> </home/kabeer/.texlive2021/texmf-var/fonts/pk/ljfour/jknappen/ec/ecrm0
800.600pk> </home/kabeer/.texlive2021/texmf-var/fonts/pk/ljfour/jknappen/ec/ecb
x1440.600pk> </home/kabeer/.texlive2021/texmf-var/fonts/pk/ljfour/jknappen/ec/t
crm1200.600pk> </home/kabeer/.texlive2021/texmf-var/fonts/pk/ljfour/jknappen/ec
/ecbx1728.600pk> </home/kabeer/.texlive2021/texmf-var/fonts/pk/ljfour/jknappen/
ec/ecti1200.600pk> </home/kabeer/.texlive2021/texmf-var/fonts/pk/ljfour/jknappe
n/ec/ecbx2074.600pk> </home/kabeer/.texlive2021/texmf-var/fonts/pk/ljfour/jknap
pen/ec/ecbx1200.600pk> </home/kabeer/.texlive2021/texmf-var/fonts/pk/ljfour/jkn
appen/ec/ecrm1200.600pk> </home/kabeer/.texlive2021/texmf-var/fonts/pk/ljfour/j
knappen/ec/ecrm1440.600pk> </home/kabeer/.texlive2021/texmf-var/fonts/pk/ljfour
/jknappen/ec/ecti1440.600pk> </home/kabeer/.texlive2021/texmf-var/fonts/pk/ljfo
ur/jknappen/ec/ecbx2488.600pk> </home/kabeer/.texlive2021/texmf-var/fonts/pk/lj
four/jknappen/ec/eccc1440.600pk> </home/kabeer/.texlive2021/texmf-var/fonts/pk/
ljfour/jknappen/ec/eccc1728.600pk> </home/kabeer/.texlive2021/texmf-var/fonts/p
k/ljfour/jknappen/ec/eccc2074.600pk></usr/share/texlive/texmf-dist/fonts/type1/
public/amsfonts/cm/cmex10.pfb></usr/share/texlive/texmf-dist/fonts/type1/public
/amsfonts/cm/cmmi12.pfb></usr/share/texlive/texmf-dist/fonts/type1/public/amsfo
nts/cm/cmmi8.pfb></usr/share/texlive/texmf-dist/fonts/type1/public/amsfonts/cm/
cmr12.pfb></usr/share/texlive/texmf-dist/fonts/type1/public/amsfonts/cm/cmr8.pf
b></usr/share/texlive/texmf-dist/fonts/type1/public/amsfonts/cm/cmsy10.pfb></us
r/share/texlive/texmf-dist/fonts/type1/public/amsfonts/cm/cmsy8.pfb></usr/share
/texlive/texmf-dist/fonts/type1/public/amsfonts/symbols/msbm10.pfb>
Output written on main.pdf (107 pages, 5210910 bytes).
PDF statistics:
 2766 PDF objects out of 2984 (max. 8388607)
 1934 compressed objects within 20 object streams
 320 named destinations out of 1000 (max. 500000)
 1166 words of extra memory for PDF output out of 10000 (max. 10000000)

