\BOOKMARK [0][-]{chapter.1}{\376\377\000I\000n\000t\000r\000o\000d\000u\000c\000t\000i\000o\000n}{}% 1
\BOOKMARK [1][-]{section.1.1}{\376\377\000M\000o\000t\000i\000v\000a\000t\000i\000o\000n}{chapter.1}% 2
\BOOKMARK [1][-]{section.1.2}{\376\377\000C\000o\000n\000t\000r\000i\000b\000u\000t\000i\000o\000n\000s}{chapter.1}% 3
\BOOKMARK [0][-]{chapter.2}{\376\377\000E\000v\000a\000l\000u\000a\000t\000i\000o\000n\000\040\000T\000e\000c\000h\000n\000i\000q\000u\000e\000s}{}% 4
\BOOKMARK [1][-]{section.2.1}{\376\377\000S\000e\000n\000s\000i\000t\000i\000v\000i\000t\000y\000\040\000a\000n\000d\000\040\000S\000p\000e\000c\000i\000f\000i\000c\000i\000t\000y}{chapter.2}% 5
\BOOKMARK [1][-]{section.2.2}{\376\377\000C\000o\000n\000f\000u\000s\000i\000o\000n\000\040\000M\000a\000t\000r\000i\000x}{chapter.2}% 6
\BOOKMARK [1][-]{section.2.3}{\376\377\000C\000o\000m\000p\000l\000e\000m\000e\000n\000t\000a\000r\000y\000\040\000C\000u\000m\000u\000l\000a\000t\000i\000v\000e\000\040\000D\000i\000s\000t\000r\000i\000b\000u\000t\000i\000o\000n\000s}{chapter.2}% 7
\BOOKMARK [1][-]{section.2.4}{\376\377\000B\000i\000n\000a\000r\000y\000\040\000a\000n\000d\000\040\000M\000u\000l\000t\000i\000c\000l\000a\000s\000s}{chapter.2}% 8
\BOOKMARK [1][-]{section.2.5}{\376\377\000R\000O\000C\000\040\000C\000u\000r\000v\000e\000s}{chapter.2}% 9
\BOOKMARK [1][-]{section.2.6}{\376\377\000C\000r\000o\000s\000s\000-\000V\000a\000l\000i\000d\000a\000t\000i\000o\000n}{chapter.2}% 10
\BOOKMARK [0][-]{chapter.3}{\376\377\000C\000u\000r\000r\000e\000n\000t\000\040\000S\000t\000a\000t\000e\000\040\000o\000f\000\040\000P\000h\000i\000s\000h\000i\000n\000g}{}% 11
\BOOKMARK [1][-]{section.3.1}{\376\377\000P\000r\000i\000m\000a\000r\000i\000l\000y\000\040\000A\000f\000f\000e\000c\000t\000e\000d\000\040\000I\000n\000d\000u\000s\000t\000r\000i\000e\000s}{chapter.3}% 12
\BOOKMARK [2][-]{subsection.3.1.1}{\376\377\000P\000a\000y\000m\000e\000n\000t}{section.3.1}% 13
\BOOKMARK [2][-]{subsection.3.1.2}{\376\377\000F\000i\000n\000a\000n\000c\000i\000a\000l}{section.3.1}% 14
\BOOKMARK [2][-]{subsection.3.1.3}{\376\377\000W\000e\000b\000m\000a\000i\000l}{section.3.1}% 15
\BOOKMARK [1][-]{section.3.2}{\376\377\000A\000t\000t\000a\000c\000k\000\040\000C\000h\000a\000r\000a\000c\000t\000e\000r\000i\000s\000t\000i\000c\000s}{chapter.3}% 16
\BOOKMARK [2][-]{subsection.3.2.1}{\376\377\000L\000i\000f\000e\000t\000i\000m\000e}{section.3.2}% 17
\BOOKMARK [2][-]{subsection.3.2.2}{\376\377\000P\000h\000i\000s\000h\000i\000n\000g\000\040\000K\000i\000t\000s}{section.3.2}% 18
\BOOKMARK [2][-]{subsection.3.2.3}{\376\377\000P\000H\000P}{section.3.2}% 19
\BOOKMARK [2][-]{subsection.3.2.4}{\376\377\000U\000R\000L\000\040\000O\000b\000f\000u\000s\000c\000a\000t\000i\000o\000n}{section.3.2}% 20
\BOOKMARK [2][-]{subsection.3.2.5}{\376\377\000D\000a\000t\000a\000\040\000E\000x\000f\000i\000l\000t\000r\000a\000t\000i\000o\000n}{section.3.2}% 21
\BOOKMARK [2][-]{subsection.3.2.6}{\376\377\000P\000a\000g\000e\000R\000a\000n\000k}{section.3.2}% 22
\BOOKMARK [1][-]{section.3.3}{\376\377\000D\000e\000f\000e\000n\000c\000e\000\040\000M\000e\000c\000h\000a\000n\000i\000s\000m\000s}{chapter.3}% 23
\BOOKMARK [2][-]{subsection.3.3.1}{\376\377\000B\000r\000o\000w\000s\000e\000r\000\040\000E\000x\000t\000e\000n\000s\000i\000o\000n\000s}{section.3.3}% 24
\BOOKMARK [2][-]{subsection.3.3.2}{\376\377\000B\000l\000a\000c\000k\000l\000i\000s\000t\000s}{section.3.3}% 25
\BOOKMARK [2][-]{subsection.3.3.3}{\376\377\000R\000e\000p\000o\000r\000t\000i\000n\000g}{section.3.3}% 26
\BOOKMARK [2][-]{subsection.3.3.4}{\376\377\000U\000R\000L\000\040\000C\000h\000e\000c\000k\000i\000n\000g}{section.3.3}% 27
\BOOKMARK [2][-]{subsection.3.3.5}{\376\377\000H\000o\000n\000e\000y\000p\000o\000t\000s}{section.3.3}% 28
\BOOKMARK [2][-]{subsection.3.3.6}{\376\377\000H\000o\000s\000t\000i\000n\000g}{section.3.3}% 29
\BOOKMARK [0][-]{chapter.4}{\376\377\000P\000r\000o\000p\000o\000s\000a\000l}{}% 30
\BOOKMARK [1][-]{section.4.1}{\376\377\000D\000e\000p\000l\000o\000y\000m\000e\000n\000t}{chapter.4}% 31
\BOOKMARK [0][-]{chapter.5}{\376\377\000I\000m\000p\000l\000e\000m\000e\000n\000t\000a\000t\000i\000o\000n\000\040\000T\000e\000c\000h\000n\000o\000l\000o\000g\000i\000e\000s}{}% 32
\BOOKMARK [1][-]{section.5.1}{\376\377\000M\000a\000c\000h\000i\000n\000e\000\040\000L\000e\000a\000r\000n\000i\000n\000g}{chapter.5}% 33
\BOOKMARK [2][-]{subsection.5.1.1}{\376\377\000F\000e\000a\000t\000u\000r\000e\000\040\000E\000x\000t\000r\000a\000c\000t\000o\000r\000s}{section.5.1}% 34
\BOOKMARK [2][-]{subsection.5.1.2}{\376\377\000P\000i\000p\000e\000l\000i\000n\000e\000s}{section.5.1}% 35
\BOOKMARK [2][-]{subsection.5.1.3}{\376\377\000C\000l\000a\000s\000s\000i\000f\000i\000e\000r\000s}{section.5.1}% 36
\BOOKMARK [2][-]{subsection.5.1.4}{\376\377\000L\000i\000n\000e\000a\000r\000\040\000R\000e\000g\000r\000e\000s\000s\000i\000o\000n}{section.5.1}% 37
\BOOKMARK [2][-]{subsection.5.1.5}{\376\377\000L\000o\000g\000i\000s\000t\000i\000c\000\040\000R\000e\000g\000r\000e\000s\000s\000i\000o\000n}{section.5.1}% 38
\BOOKMARK [2][-]{subsection.5.1.6}{\376\377\000S\000t\000o\000c\000h\000a\000s\000t\000i\000c\000\040\000G\000r\000a\000d\000i\000e\000n\000t\000\040\000D\000e\000s\000c\000e\000n\000t}{section.5.1}% 39
\BOOKMARK [2][-]{subsection.5.1.7}{\376\377\000D\000e\000c\000i\000s\000i\000o\000n\000\040\000T\000r\000e\000e\000\040\000C\000l\000a\000s\000s\000i\000f\000i\000e\000r}{section.5.1}% 40
\BOOKMARK [2][-]{subsection.5.1.8}{\376\377\000R\000a\000n\000d\000o\000m\000\040\000F\000o\000r\000e\000s\000t\000\040\000C\000l\000a\000s\000s\000i\000f\000i\000e\000r}{section.5.1}% 41
\BOOKMARK [2][-]{subsection.5.1.9}{\376\377\000N\000-\000G\000r\000a\000m\000s}{section.5.1}% 42
\BOOKMARK [2][-]{subsection.5.1.10}{\376\377\000S\000c\000i\000k\000i\000t}{section.5.1}% 43
\BOOKMARK [1][-]{section.5.2}{\376\377\000M\000o\000d\000a\000l\000\040\000L\000o\000g\000i\000c}{chapter.5}% 44
\BOOKMARK [2][-]{subsection.5.2.1}{\376\377\000K\000r\000i\000p\000k\000e\000\040\000M\000o\000d\000e\000l}{section.5.2}% 45
\BOOKMARK [2][-]{subsection.5.2.2}{\376\377\000M\000o\000n\000o\000t\000o\000n\000i\000c\000i\000t\000y}{section.5.2}% 46
\BOOKMARK [2][-]{subsection.5.2.3}{\376\377\000F\000i\000x\000e\000d\000\040\000P\000o\000i\000n\000t\000s}{section.5.2}% 47
\BOOKMARK [2][-]{subsection.5.2.4}{\376\377\000B\000i\000s\000i\000m\000u\000l\000a\000t\000i\000o\000n\000s}{section.5.2}% 48
\BOOKMARK [1][-]{section.5.3}{\376\377\000P\000a\000g\000e\000\040\000C\000o\000m\000p\000a\000r\000i\000s\000o\000n\000\040\000T\000e\000c\000h\000n\000i\000q\000u\000e\000s}{chapter.5}% 49
\BOOKMARK [2][-]{subsection.5.3.1}{\376\377\000H\000a\000m\000m\000i\000n\000g\000\040\000d\000i\000s\000t\000a\000n\000c\000e}{section.5.3}% 50
\BOOKMARK [2][-]{subsection.5.3.2}{\376\377\000T\000F\000-\000I\000D\000F}{section.5.3}% 51
\BOOKMARK [2][-]{subsection.5.3.3}{\376\377\000D\000O\000M\000\040\000T\000r\000e\000e\000s}{section.5.3}% 52
\BOOKMARK [1][-]{section.5.4}{\376\377\000I\000m\000a\000g\000e\000\040\000C\000o\000m\000p\000a\000r\000i\000s\000o\000n\000\040\000T\000e\000c\000h\000n\000i\000q\000u\000e\000s}{chapter.5}% 53
\BOOKMARK [2][-]{subsection.5.4.1}{\376\377\000T\000e\000m\000p\000l\000a\000t\000e\000\040\000M\000a\000t\000c\000h\000i\000n\000g}{section.5.4}% 54
\BOOKMARK [2][-]{subsection.5.4.2}{\376\377\000A\000f\000f\000i\000n\000e\000\040\000T\000r\000a\000n\000s\000f\000o\000r\000m\000a\000t\000i\000o\000n\000s}{section.5.4}% 55
\BOOKMARK [2][-]{subsection.5.4.3}{\376\377\000F\000a\000s\000T\000\040\000M\000a\000t\000c\000h\000i\000n\000g}{section.5.4}% 56
\BOOKMARK [2][-]{subsection.5.4.4}{\376\377\000C\000a\000s\000c\000a\000d\000e\000\040\000C\000l\000a\000s\000s\000i\000f\000i\000c\000a\000t\000i\000o\000n}{section.5.4}% 57
\BOOKMARK [2][-]{subsection.5.4.5}{\376\377\000H\000a\000a\000r\000\040\000C\000l\000a\000s\000s\000i\000f\000i\000e\000r}{section.5.4}% 58
\BOOKMARK [2][-]{subsection.5.4.6}{\376\377\000L\000o\000c\000a\000l\000\040\000B\000i\000n\000a\000r\000y\000\040\000P\000a\000t\000t\000e\000r\000n\000s\000\040\000C\000l\000a\000s\000s\000i\000f\000i\000e\000r}{section.5.4}% 59
\BOOKMARK [2][-]{subsection.5.4.7}{\376\377\000O\000p\000e\000n\000C\000V}{section.5.4}% 60
\BOOKMARK [1][-]{section.5.5}{\376\377\000W\000e\000b\000\040\000C\000a\000p\000t\000u\000r\000e}{chapter.5}% 61
\BOOKMARK [2][-]{subsection.5.5.1}{\376\377\000W\000A\000R\000C}{section.5.5}% 62
\BOOKMARK [2][-]{subsection.5.5.2}{\376\377\000C\000o\000m\000m\000o\000n\000\040\000C\000r\000a\000w\000l}{section.5.5}% 63
\BOOKMARK [1][-]{section.5.6}{\376\377\000C\000l\000i\000e\000n\000t\000\040\000S\000e\000r\000v\000e\000r\000\040\000A\000r\000c\000h\000i\000t\000e\000c\000t\000u\000r\000e}{chapter.5}% 64
\BOOKMARK [2][-]{subsection.5.6.1}{\376\377\000T\000C\000P}{section.5.6}% 65
\BOOKMARK [2][-]{subsection.5.6.2}{\376\377\000F\000l\000a\000s\000k}{section.5.6}% 66
\BOOKMARK [0][-]{chapter.6}{\376\377\000I\000m\000p\000l\000e\000m\000e\000n\000t\000a\000t\000i\000o\000n}{}% 67
\BOOKMARK [1][-]{section.6.1}{\376\377\000C\000a\000n\000d\000i\000d\000a\000t\000e\000\040\000U\000R\000L\000\040\000C\000o\000l\000l\000e\000c\000t\000i\000o\000n}{chapter.6}% 68
\BOOKMARK [1][-]{section.6.2}{\376\377\000W\000A\000R\000C\000\040\000P\000a\000r\000s\000i\000n\000g}{chapter.6}% 69
\BOOKMARK [1][-]{section.6.3}{\376\377\000P\000i\000p\000e\000l\000i\000n\000e\000\040\000u\000s\000i\000n\000g\000\040\000C\000a\000n\000t\000i\000n\000a\000\040\000a\000n\000d\000\040\000D\000O\000M\000\040\000C\000o\000m\000p\000a\000r\000i\000s\000o\000n}{chapter.6}% 70
\BOOKMARK [2][-]{subsection.6.3.1}{\376\377\000P\000i\000p\000e\000l\000i\000n\000e}{section.6.3}% 71
\BOOKMARK [2][-]{subsection.6.3.2}{\376\377\000T\000F\000-\000I\000D\000F}{section.6.3}% 72
\BOOKMARK [2][-]{subsection.6.3.3}{\376\377\000G\000o\000o\000g\000l\000e}{section.6.3}% 73
\BOOKMARK [2][-]{subsection.6.3.4}{\376\377\000D\000O\000M\000\040\000C\000o\000m\000p\000a\000r\000i\000s\000o\000n}{section.6.3}% 74
\BOOKMARK [1][-]{section.6.4}{\376\377\000C\000u\000r\000r\000e\000n\000t\000\040\000P\000i\000p\000e\000l\000i\000n\000e}{chapter.6}% 75
\BOOKMARK [2][-]{subsection.6.4.1}{\376\377\000I\000t\000e\000m\000\040\000S\000e\000l\000e\000c\000t\000o\000r\000s}{section.6.4}% 76
\BOOKMARK [2][-]{subsection.6.4.2}{\376\377\000N\000-\000G\000r\000a\000m\000s}{section.6.4}% 77
\BOOKMARK [2][-]{subsection.6.4.3}{\376\377\000U\000R\000L\000\040\000V\000e\000c\000t\000o\000r\000i\000z\000e\000r}{section.6.4}% 78
\BOOKMARK [2][-]{subsection.6.4.4}{\376\377\000W\000o\000r\000d\000\040\000F\000r\000e\000q\000u\000e\000n\000c\000y\000\040\000V\000e\000c\000t\000o\000r\000i\000z\000e\000r}{section.6.4}% 79
\BOOKMARK [2][-]{subsection.6.4.5}{\376\377\000S\000t\000a\000t\000u\000s\000\040\000V\000e\000c\000t\000o\000r\000i\000z\000e\000r}{section.6.4}% 80
\BOOKMARK [2][-]{subsection.6.4.6}{\376\377\000H\000T\000M\000L\000\040\000V\000e\000c\000t\000o\000r\000i\000z\000e\000r}{section.6.4}% 81
\BOOKMARK [2][-]{subsection.6.4.7}{\376\377\000R\000e\000s\000o\000u\000r\000c\000e\000\040\000V\000e\000c\000t\000o\000r\000i\000z\000e\000r}{section.6.4}% 82
\BOOKMARK [2][-]{subsection.6.4.8}{\376\377\000S\000c\000r\000e\000e\000n\000s\000h\000o\000t\000\040\000V\000e\000c\000t\000o\000r\000i\000z\000e\000r}{section.6.4}% 83
\BOOKMARK [2][-]{subsection.6.4.9}{\376\377\000I\000m\000a\000g\000e\000\040\000R\000e\000s\000o\000u\000r\000c\000e\000s\000\040\000V\000e\000c\000t\000o\000r\000i\000z\000e\000r}{section.6.4}% 84
\BOOKMARK [1][-]{section.6.5}{\376\377\000C\000l\000i\000e\000n\000t\000\040\000S\000e\000r\000v\000e\000r\000\040\000A\000r\000c\000h\000i\000t\000e\000c\000t\000u\000r\000e}{chapter.6}% 85
\BOOKMARK [1][-]{section.6.6}{\376\377\000B\000a\000t\000c\000h\000\040\000S\000c\000r\000i\000p\000t\000\040\000E\000x\000e\000c\000u\000t\000i\000o\000n}{chapter.6}% 86
\BOOKMARK [2][-]{subsection.6.6.1}{\376\377\000V\000M\000w\000a\000r\000e\000\040\000E\000X\000S\000i}{section.6.6}% 87
\BOOKMARK [2][-]{subsection.6.6.2}{\376\377\000S\000S\000H}{section.6.6}% 88
\BOOKMARK [2][-]{subsection.6.6.3}{\376\377\000S\000u\000p\000e\000r\000\040\000C\000o\000m\000p\000u\000t\000e\000r\000s}{section.6.6}% 89
\BOOKMARK [1][-]{section.6.7}{\376\377\000I\000s\000s\000u\000e\000s}{chapter.6}% 90
\BOOKMARK [2][-]{subsection.6.7.1}{\376\377\000H\000T\000T\000P\000S\000\040\000U\000p\000g\000r\000a\000d\000e\000s}{section.6.7}% 91
\BOOKMARK [2][-]{subsection.6.7.2}{\376\377\000O\000p\000e\000n\000C\000V\000\040\000M\000e\000m\000o\000r\000y\000\040\000L\000e\000a\000k}{section.6.7}% 92
\BOOKMARK [0][-]{chapter.7}{\376\377\000E\000v\000a\000l\000u\000a\000t\000i\000o\000n}{}% 93
\BOOKMARK [1][-]{section.7.1}{\376\377\000U\000R\000L\000\040\000C\000o\000l\000l\000e\000c\000t\000i\000o\000n}{chapter.7}% 94
\BOOKMARK [1][-]{section.7.2}{\376\377\000D\000a\000t\000a\000\040\000S\000t\000r\000u\000c\000t\000u\000r\000e}{chapter.7}% 95
\BOOKMARK [1][-]{section.7.3}{\376\377\000E\000n\000s\000e\000m\000b\000l\000e\000\040\000S\000e\000l\000e\000c\000t\000i\000o\000n}{chapter.7}% 96
\BOOKMARK [1][-]{section.7.4}{\376\377\000N\000-\000G\000r\000a\000m\000s}{chapter.7}% 97
\BOOKMARK [1][-]{section.7.5}{\376\377\000W\000o\000r\000d\000\040\000F\000r\000e\000q\000u\000e\000n\000c\000y}{chapter.7}% 98
\BOOKMARK [1][-]{section.7.6}{\376\377\000L\000o\000g\000o\000\040\000D\000e\000t\000e\000c\000t\000i\000o\000n}{chapter.7}% 99
\BOOKMARK [1][-]{section.7.7}{\376\377\000F\000e\000a\000t\000u\000r\000e\000\040\000I\000m\000p\000o\000r\000t\000a\000n\000c\000e}{chapter.7}% 100
\BOOKMARK [1][-]{section.7.8}{\376\377\000C\000l\000a\000s\000s\000i\000f\000i\000c\000a\000t\000i\000o\000n\000\040\000R\000a\000t\000e}{chapter.7}% 101
\BOOKMARK [1][-]{section.7.9}{\376\377\000P\000e\000r\000f\000o\000r\000m\000a\000n\000c\000e\000\040\000E\000v\000a\000l\000u\000a\000t\000i\000o\000n}{chapter.7}% 102
\BOOKMARK [1][-]{section.7.10}{\376\377\000C\000o\000m\000p\000a\000r\000i\000s\000o\000n\000\040\000w\000i\000t\000h\000\040\000C\000u\000r\000r\000e\000n\000t\000\040\000M\000e\000t\000h\000o\000d\000s}{chapter.7}% 103
\BOOKMARK [1][-]{section.7.11}{\376\377\000O\000v\000e\000r\000f\000i\000t\000t\000i\000n\000g}{chapter.7}% 104
\BOOKMARK [2][-]{subsection.7.11.1}{\376\377\000K\000-\000F\000o\000l\000d\000\040\000C\000r\000o\000s\000s\000\040\000V\000a\000l\000i\000d\000a\000t\000i\000o\000n}{section.7.11}% 105
\BOOKMARK [2][-]{subsection.7.11.2}{\376\377\000B\000a\000l\000a\000n\000c\000e}{section.7.11}% 106
\BOOKMARK [1][-]{section.7.12}{\376\377\000M\000i\000s\000c\000l\000a\000s\000s\000i\000f\000i\000c\000a\000t\000i\000o\000n\000s}{chapter.7}% 107
\BOOKMARK [2][-]{subsection.7.12.1}{\376\377\000U\000R\000L}{section.7.12}% 108
\BOOKMARK [2][-]{subsection.7.12.2}{\376\377\000H\000T\000M\000L}{section.7.12}% 109
\BOOKMARK [2][-]{subsection.7.12.3}{\376\377\000S\000c\000r\000e\000e\000n\000s\000h\000o\000t}{section.7.12}% 110
\BOOKMARK [0][-]{chapter.8}{\376\377\000C\000o\000n\000c\000l\000u\000s\000i\000o\000n}{}% 111
\BOOKMARK [1][-]{section.8.1}{\376\377\000S\000u\000m\000m\000a\000r\000y}{chapter.8}% 112
\BOOKMARK [1][-]{section.8.2}{\376\377\000F\000u\000t\000u\000r\000e\000\040\000W\000o\000r\000k}{chapter.8}% 113
\BOOKMARK [2][-]{subsection.8.2.1}{\376\377\000F\000u\000r\000t\000h\000e\000r\000\040\000R\000e\000s\000o\000u\000r\000c\000e\000\040\000A\000n\000a\000l\000y\000s\000i\000s}{section.8.2}% 114
\BOOKMARK [2][-]{subsection.8.2.2}{\376\377\000S\000e\000a\000r\000c\000h\000i\000n\000g}{section.8.2}% 115
\BOOKMARK [2][-]{subsection.8.2.3}{\376\377\000S\000a\000f\000e\000\040\000B\000r\000o\000w\000s\000i\000n\000g}{section.8.2}% 116
\BOOKMARK [2][-]{subsection.8.2.4}{\376\377\000D\000N\000S\000\040\000C\000h\000e\000c\000k\000i\000n\000g}{section.8.2}% 117
\BOOKMARK [2][-]{subsection.8.2.5}{\376\377\000L\000i\000v\000e\000\040\000M\000o\000d\000e\000l\000\040\000T\000r\000a\000i\000n\000i\000n\000g}{section.8.2}% 118
\BOOKMARK [2][-]{subsection.8.2.6}{\376\377\000D\000O\000M\000\040\000C\000o\000m\000p\000a\000r\000i\000s\000o\000n}{section.8.2}% 119
\BOOKMARK [2][-]{subsection.8.2.7}{\376\377\000A\000u\000t\000o\000m\000a\000t\000i\000c\000\040\000L\000o\000g\000o\000\040\000T\000r\000a\000i\000n\000i\000n\000g}{section.8.2}% 120
\BOOKMARK [2][-]{subsection.8.2.8}{\376\377\000S\000c\000r\000i\000p\000t\000\040\000A\000n\000a\000l\000y\000s\000i\000s}{section.8.2}% 121
\BOOKMARK [0][-]{subsection.8.2.8}{\376\377\000B\000i\000b\000l\000i\000o\000g\000r\000a\000p\000h\000y}{}% 122
\BOOKMARK [0][-]{appendix.A}{\376\377\000A\000p\000p\000e\000n\000d\000i\000c\000e\000s}{}% 123
\BOOKMARK [1][-]{section.A.1}{\376\377\000M\000i\000s\000c\000l\000a\000s\000s\000i\000f\000i\000e\000d\000\040\000U\000R\000L\000s}{appendix.A}% 124
\BOOKMARK [1][-]{section.A.2}{\376\377\000F\000e\000a\000t\000u\000r\000e\000\040\000I\000m\000p\000o\000r\000t\000a\000n\000c\000e}{appendix.A}% 125
